This is pdfTeX, Version 3.14159265-2.6-1.40.19 (TeX Live 2018) (preloaded format=pdflatex 2018.5.13)  10 APR 2019 00:56
entering extended mode
 restricted \write18 enabled.
 %&-line parsing enabled.
**thesis.tex
(./thesis.tex
LaTeX2e <2018-04-01> patch level 2
Babel <3.18> and hyphenation patterns for 84 language(s) loaded.
(./PhDThesisPSnPDF.cls
Document Class: PhDThesisPSnPDF 2016/04/23 A PhD thesis class file by Krishna K
umar (v2.3.1)
https://github.com/kks32/phd-thesis-template/
(/usr/local/texlive/2018/texmf-dist/tex/latex/base/book.cls
Document Class: book 2014/09/29 v1.4h Standard LaTeX document class
(/usr/local/texlive/2018/texmf-dist/tex/latex/base/bk12.clo
File: bk12.clo 2014/09/29 v1.4h Standard LaTeX file (size option)
)
\c@part=\count80
\c@chapter=\count81
\c@section=\count82
\c@subsection=\count83
\c@subsubsection=\count84
\c@paragraph=\count85
\c@subparagraph=\count86
\c@figure=\count87
\c@table=\count88
\abovecaptionskip=\skip41
\belowcaptionskip=\skip42
\bibindent=\dimen102
)
(/usr/local/texlive/2018/texmf-dist/tex/latex/graphics/lscape.sty
Package: lscape 2000/10/22 v3.01 Landscape Pages (DPC)

(/usr/local/texlive/2018/texmf-dist/tex/latex/graphics/graphics.sty
Package: graphics 2017/06/25 v1.2c Standard LaTeX Graphics (DPC,SPQR)

(/usr/local/texlive/2018/texmf-dist/tex/latex/graphics/trig.sty
Package: trig 2016/01/03 v1.10 sin cos tan (DPC)
)
(/usr/local/texlive/2018/texmf-dist/tex/latex/graphics-cfg/graphics.cfg
File: graphics.cfg 2016/06/04 v1.11 sample graphics configuration
)
Package graphics Info: Driver file: pdftex.def on input line 99.

(/usr/local/texlive/2018/texmf-dist/tex/latex/graphics-def/pdftex.def
File: pdftex.def 2018/01/08 v1.0l Graphics/color driver for pdftex
)))
(/usr/local/texlive/2018/texmf-dist/tex/latex/setspace/setspace.sty
Package: setspace 2011/12/19 v6.7a set line spacing
)
(/usr/local/texlive/2018/texmf-dist/tex/latex/tools/calc.sty
Package: calc 2017/05/25 v4.3 Infix arithmetic (KKT,FJ)
\calc@Acount=\count89
\calc@Bcount=\count90
\calc@Adimen=\dimen103
\calc@Bdimen=\dimen104
\calc@Askip=\skip43
\calc@Bskip=\skip44
LaTeX Info: Redefining \setlength on input line 80.
LaTeX Info: Redefining \addtolength on input line 81.
\calc@Ccount=\count91
\calc@Cskip=\skip45
)
(/usr/local/texlive/2018/texmf-dist/tex/latex/base/ifthen.sty
Package: ifthen 2014/09/29 v1.1c Standard LaTeX ifthen package (DPC)
)
(/usr/local/texlive/2018/texmf-dist/tex/generic/oberdiek/ifpdf.sty
Package: ifpdf 2017/03/15 v3.2 Provides the ifpdf switch
)
(/usr/local/texlive/2018/texmf-dist/tex/generic/ifxetex/ifxetex.sty
Package: ifxetex 2010/09/12 v0.6 Provides ifxetex conditional
)
(/usr/local/texlive/2018/texmf-dist/tex/latex/tocbibind/tocbibind.sty
Package: tocbibind 2010/10/13 v1.5k extra ToC listings
Package tocbibind Info: The document has chapter divisions on input line 50.


Package tocbibind Note: Using chapter style headings, unless overridden.

) (/usr/local/texlive/2018/texmf-dist/tex/latex/appendix/appendix.sty
Package: appendix 2009/09/02 v1.2b extra appendix facilities
\c@@pps=\count92
\c@@ppsavesec=\count93
\c@@ppsaveapp=\count94
)
(/usr/local/texlive/2018/texmf-dist/tex/latex/graphics/color.sty
Package: color 2016/07/10 v1.1e Standard LaTeX Color (DPC)

(/usr/local/texlive/2018/texmf-dist/tex/latex/graphics-cfg/color.cfg
File: color.cfg 2016/01/02 v1.6 sample color configuration
)
Package color Info: Driver file: pdftex.def on input line 147.

(/usr/local/texlive/2018/texmf-dist/tex/latex/graphics/dvipsnam.def
File: dvipsnam.def 2016/06/17 v3.0m Driver-dependent file (DPC,SPQR)
))
(/usr/local/texlive/2018/texmf-dist/tex/latex/oberdiek/epstopdf.sty
Package: epstopdf 2016/05/15 v2.6 Conversion with epstopdf on the fly (HO)

(/usr/local/texlive/2018/texmf-dist/tex/latex/oberdiek/epstopdf-base.sty
Package: epstopdf-base 2016/05/15 v2.6 Base part for package epstopdf

(/usr/local/texlive/2018/texmf-dist/tex/generic/oberdiek/infwarerr.sty
Package: infwarerr 2016/05/16 v1.4 Providing info/warning/error messages (HO)
)
(/usr/local/texlive/2018/texmf-dist/tex/latex/oberdiek/grfext.sty
Package: grfext 2016/05/16 v1.2 Manage graphics extensions (HO)

(/usr/local/texlive/2018/texmf-dist/tex/generic/oberdiek/kvdefinekeys.sty
Package: kvdefinekeys 2016/05/16 v1.4 Define keys (HO)

(/usr/local/texlive/2018/texmf-dist/tex/generic/oberdiek/ltxcmds.sty
Package: ltxcmds 2016/05/16 v1.23 LaTeX kernel commands for general use (HO)
)))
(/usr/local/texlive/2018/texmf-dist/tex/latex/oberdiek/kvoptions.sty
Package: kvoptions 2016/05/16 v3.12 Key value format for package options (HO)

(/usr/local/texlive/2018/texmf-dist/tex/latex/graphics/keyval.sty
Package: keyval 2014/10/28 v1.15 key=value parser (DPC)
\KV@toks@=\toks14
)
(/usr/local/texlive/2018/texmf-dist/tex/generic/oberdiek/kvsetkeys.sty
Package: kvsetkeys 2016/05/16 v1.17 Key value parser (HO)

(/usr/local/texlive/2018/texmf-dist/tex/generic/oberdiek/etexcmds.sty
Package: etexcmds 2016/05/16 v1.6 Avoid name clashes with e-TeX commands (HO)

(/usr/local/texlive/2018/texmf-dist/tex/generic/oberdiek/ifluatex.sty
Package: ifluatex 2016/05/16 v1.4 Provides the ifluatex switch (HO)
Package ifluatex Info: LuaTeX not detected.
)
Package etexcmds Info: Could not find \expanded.
(etexcmds)             That can mean that you are not using pdfTeX 1.50 or
(etexcmds)             that some package has redefined \expanded.
(etexcmds)             In the latter case, load this package earlier.
)))
(/usr/local/texlive/2018/texmf-dist/tex/generic/oberdiek/pdftexcmds.sty
Package: pdftexcmds 2018/01/30 v0.27 Utility functions of pdfTeX for LuaTeX (HO
)
Package pdftexcmds Info: LuaTeX not detected.
Package pdftexcmds Info: \pdf@primitive is available.
Package pdftexcmds Info: \pdf@ifprimitive is available.
Package pdftexcmds Info: \pdfdraftmode found.
)
Package epstopdf-base Info: Redefining graphics rule for `.eps' on input line 4
38.
Package grfext Info: Graphics extension search list:
(grfext)             [.pdf,.png,.jpg,.mps,.jpeg,.jbig2,.jb2,.PDF,.PNG,.JPG,.JPE
G,.JBIG2,.JB2,.eps]
(grfext)             \AppendGraphicsExtensions on input line 456.

(/usr/local/texlive/2018/texmf-dist/tex/latex/latexconfig/epstopdf-sys.cfg
File: epstopdf-sys.cfg 2010/07/13 v1.3 Configuration of (r)epstopdf for TeX Liv
e
)))
(/usr/local/texlive/2018/texmf-dist/tex/latex/graphics/graphicx.sty
Package: graphicx 2017/06/01 v1.1a Enhanced LaTeX Graphics (DPC,SPQR)
\Gin@req@height=\dimen105
\Gin@req@width=\dimen106
)
(/usr/local/texlive/2018/texmf-dist/tex/latex/datetime/datetime.sty
Package: datetime 2015/03/20 v2.60 Date Time Package

(/usr/local/texlive/2018/texmf-dist/tex/latex/etoolbox/etoolbox.sty
Package: etoolbox 2018/02/11 v2.5e e-TeX tools for LaTeX (JAW)
\etb@tempcnta=\count95
)
(/usr/local/texlive/2018/texmf-dist/tex/latex/fmtcount/fmtcount.sty
Package: fmtcount 2017/12/24 v3.05

(/usr/local/texlive/2018/texmf-dist/tex/latex/xkeyval/xkeyval.sty
Package: xkeyval 2014/12/03 v2.7a package option processing (HA)

(/usr/local/texlive/2018/texmf-dist/tex/generic/xkeyval/xkeyval.tex
(/usr/local/texlive/2018/texmf-dist/tex/generic/xkeyval/xkvutils.tex
\XKV@toks=\toks15
\XKV@tempa@toks=\toks16
)
\XKV@depth=\count96
File: xkeyval.tex 2014/12/03 v2.7a key=value parser (HA)
))
(/usr/local/texlive/2018/texmf-dist/tex/latex/fmtcount/fcprefix.sty
Package: fcprefix 2012/09/28

(/usr/local/texlive/2018/texmf-dist/tex/latex/fmtcount/fcnumparser.sty
Package: fcnumparser 2017/06/15
\fc@digit@counter=\count97
))
(/usr/local/texlive/2018/texmf-dist/tex/latex/amsmath/amsgen.sty
File: amsgen.sty 1999/11/30 v2.0 generic functions
\@emptytoks=\toks17
\ex@=\dimen107
)
\c@padzeroesN=\count98
\fc@tmpcatcode=\count99
\@DT@modctr=\count100
\@ordinalctr=\count101
\@orgargctr=\count102
\@strctr=\count103
\@tmpstrctr=\count104
\@DT@loopN=\count105
\@DT@X=\count106
)
(/usr/local/texlive/2018/texmf-dist/tex/latex/datetime/datetime-defaults.sty
Package: datetime-defaults 2013/09/10
)
\@day=\count107
\@month=\count108
\@year=\count109
\c@HOUR=\count110
\c@HOURXII=\count111
\c@MINUTE=\count112
\c@TOHOUR=\count113
\c@TOMINUTE=\count114
\c@SECOND=\count115
\currenthour=\count116
\currentminute=\count117
\currentsecond=\count118
Package datetime Info: No datetime.cfg file found, using default settings on in
put line 308.
\@dtctr=\count119
\dayofyear=\count120
\dayofweek=\count121
LaTeX Info: Redefining \today on input line 736.
\dt@a=\toks18
\dt@b=\toks19
)
\PHD@hour=\count122
\PHD@minute=\count123

(/usr/local/texlive/2018/texmf-dist/tex/latex/natbib/natbib.sty
Package: natbib 2010/09/13 8.31b (PWD, AO)
\bibhang=\skip46
\bibsep=\skip47
LaTeX Info: Redefining \cite on input line 694.
\c@NAT@ctr=\count124
)
(/usr/local/texlive/2018/texmf-dist/tex/latex/base/textcomp.sty
Package: textcomp 2017/04/05 v2.0i Standard LaTeX package
Package textcomp Info: Sub-encoding information:
(textcomp)               5 = only ISO-Adobe without \textcurrency
(textcomp)               4 = 5 + \texteuro
(textcomp)               3 = 4 + \textohm
(textcomp)               2 = 3 + \textestimated + \textcurrency
(textcomp)               1 = TS1 - \textcircled - \t
(textcomp)               0 = TS1 (full)
(textcomp)             Font families with sub-encoding setting implement
(textcomp)             only a restricted character set as indicated.
(textcomp)             Family '?' is the default used for unknown fonts.
(textcomp)             See the documentation for details.
Package textcomp Info: Setting ? sub-encoding to TS1/1 on input line 79.

(/usr/local/texlive/2018/texmf-dist/tex/latex/base/ts1enc.def
File: ts1enc.def 2001/06/05 v3.0e (jk/car/fm) Standard LaTeX file
Now handling font encoding TS1 ...
... processing UTF-8 mapping file for font encoding TS1

(/usr/local/texlive/2018/texmf-dist/tex/latex/base/ts1enc.dfu
File: ts1enc.dfu 2018/04/05 v1.2c UTF-8 support for inputenc
   defining Unicode char U+00A2 (decimal 162)
   defining Unicode char U+00A3 (decimal 163)
   defining Unicode char U+00A4 (decimal 164)
   defining Unicode char U+00A5 (decimal 165)
   defining Unicode char U+00A6 (decimal 166)
   defining Unicode char U+00A7 (decimal 167)
   defining Unicode char U+00A8 (decimal 168)
   defining Unicode char U+00A9 (decimal 169)
   defining Unicode char U+00AA (decimal 170)
   defining Unicode char U+00AC (decimal 172)
   defining Unicode char U+00AE (decimal 174)
   defining Unicode char U+00AF (decimal 175)
   defining Unicode char U+00B0 (decimal 176)
   defining Unicode char U+00B1 (decimal 177)
   defining Unicode char U+00B2 (decimal 178)
   defining Unicode char U+00B3 (decimal 179)
   defining Unicode char U+00B4 (decimal 180)
   defining Unicode char U+00B5 (decimal 181)
   defining Unicode char U+00B6 (decimal 182)
   defining Unicode char U+00B7 (decimal 183)
   defining Unicode char U+00B9 (decimal 185)
   defining Unicode char U+00BA (decimal 186)
   defining Unicode char U+00BC (decimal 188)
   defining Unicode char U+00BD (decimal 189)
   defining Unicode char U+00BE (decimal 190)
   defining Unicode char U+00D7 (decimal 215)
   defining Unicode char U+00F7 (decimal 247)
   defining Unicode char U+0192 (decimal 402)
   defining Unicode char U+02C7 (decimal 711)
   defining Unicode char U+02D8 (decimal 728)
   defining Unicode char U+02DD (decimal 733)
   defining Unicode char U+0E3F (decimal 3647)
   defining Unicode char U+2016 (decimal 8214)
   defining Unicode char U+2020 (decimal 8224)
   defining Unicode char U+2021 (decimal 8225)
   defining Unicode char U+2022 (decimal 8226)
   defining Unicode char U+2030 (decimal 8240)
   defining Unicode char U+2031 (decimal 8241)
   defining Unicode char U+203B (decimal 8251)
   defining Unicode char U+203D (decimal 8253)
   defining Unicode char U+2044 (decimal 8260)
   defining Unicode char U+204E (decimal 8270)
   defining Unicode char U+2052 (decimal 8274)
   defining Unicode char U+20A1 (decimal 8353)
   defining Unicode char U+20A4 (decimal 8356)
   defining Unicode char U+20A6 (decimal 8358)
   defining Unicode char U+20A9 (decimal 8361)
   defining Unicode char U+20AB (decimal 8363)
   defining Unicode char U+20AC (decimal 8364)
   defining Unicode char U+20B1 (decimal 8369)
   defining Unicode char U+2103 (decimal 8451)
   defining Unicode char U+2116 (decimal 8470)
   defining Unicode char U+2117 (decimal 8471)
   defining Unicode char U+211E (decimal 8478)
   defining Unicode char U+2120 (decimal 8480)
   defining Unicode char U+2122 (decimal 8482)
   defining Unicode char U+2126 (decimal 8486)
   defining Unicode char U+2127 (decimal 8487)
   defining Unicode char U+212E (decimal 8494)
   defining Unicode char U+2190 (decimal 8592)
   defining Unicode char U+2191 (decimal 8593)
   defining Unicode char U+2192 (decimal 8594)
   defining Unicode char U+2193 (decimal 8595)
   defining Unicode char U+2329 (decimal 9001)
   defining Unicode char U+232A (decimal 9002)
   defining Unicode char U+2422 (decimal 9250)
   defining Unicode char U+25E6 (decimal 9702)
   defining Unicode char U+25EF (decimal 9711)
   defining Unicode char U+266A (decimal 9834)
   defining Unicode char U+FEFF (decimal 65279)
))
LaTeX Info: Redefining \oldstylenums on input line 334.
Package textcomp Info: Setting cmr sub-encoding to TS1/0 on input line 349.
Package textcomp Info: Setting cmss sub-encoding to TS1/0 on input line 350.
Package textcomp Info: Setting cmtt sub-encoding to TS1/0 on input line 351.
Package textcomp Info: Setting cmvtt sub-encoding to TS1/0 on input line 352.
Package textcomp Info: Setting cmbr sub-encoding to TS1/0 on input line 353.
Package textcomp Info: Setting cmtl sub-encoding to TS1/0 on input line 354.
Package textcomp Info: Setting ccr sub-encoding to TS1/0 on input line 355.
Package textcomp Info: Setting ptm sub-encoding to TS1/4 on input line 356.
Package textcomp Info: Setting pcr sub-encoding to TS1/4 on input line 357.
Package textcomp Info: Setting phv sub-encoding to TS1/4 on input line 358.
Package textcomp Info: Setting ppl sub-encoding to TS1/3 on input line 359.
Package textcomp Info: Setting pag sub-encoding to TS1/4 on input line 360.
Package textcomp Info: Setting pbk sub-encoding to TS1/4 on input line 361.
Package textcomp Info: Setting pnc sub-encoding to TS1/4 on input line 362.
Package textcomp Info: Setting pzc sub-encoding to TS1/4 on input line 363.
Package textcomp Info: Setting bch sub-encoding to TS1/4 on input line 364.
Package textcomp Info: Setting put sub-encoding to TS1/5 on input line 365.
Package textcomp Info: Setting uag sub-encoding to TS1/5 on input line 366.
Package textcomp Info: Setting ugq sub-encoding to TS1/5 on input line 367.
Package textcomp Info: Setting ul8 sub-encoding to TS1/4 on input line 368.
Package textcomp Info: Setting ul9 sub-encoding to TS1/4 on input line 369.
Package textcomp Info: Setting augie sub-encoding to TS1/5 on input line 370.
Package textcomp Info: Setting dayrom sub-encoding to TS1/3 on input line 371.
Package textcomp Info: Setting dayroms sub-encoding to TS1/3 on input line 372.

Package textcomp Info: Setting pxr sub-encoding to TS1/0 on input line 373.
Package textcomp Info: Setting pxss sub-encoding to TS1/0 on input line 374.
Package textcomp Info: Setting pxtt sub-encoding to TS1/0 on input line 375.
Package textcomp Info: Setting txr sub-encoding to TS1/0 on input line 376.
Package textcomp Info: Setting txss sub-encoding to TS1/0 on input line 377.
Package textcomp Info: Setting txtt sub-encoding to TS1/0 on input line 378.
Package textcomp Info: Setting lmr sub-encoding to TS1/0 on input line 379.
Package textcomp Info: Setting lmdh sub-encoding to TS1/0 on input line 380.
Package textcomp Info: Setting lmss sub-encoding to TS1/0 on input line 381.
Package textcomp Info: Setting lmssq sub-encoding to TS1/0 on input line 382.
Package textcomp Info: Setting lmvtt sub-encoding to TS1/0 on input line 383.
Package textcomp Info: Setting lmtt sub-encoding to TS1/0 on input line 384.
Package textcomp Info: Setting qhv sub-encoding to TS1/0 on input line 385.
Package textcomp Info: Setting qag sub-encoding to TS1/0 on input line 386.
Package textcomp Info: Setting qbk sub-encoding to TS1/0 on input line 387.
Package textcomp Info: Setting qcr sub-encoding to TS1/0 on input line 388.
Package textcomp Info: Setting qcs sub-encoding to TS1/0 on input line 389.
Package textcomp Info: Setting qpl sub-encoding to TS1/0 on input line 390.
Package textcomp Info: Setting qtm sub-encoding to TS1/0 on input line 391.
Package textcomp Info: Setting qzc sub-encoding to TS1/0 on input line 392.
Package textcomp Info: Setting qhvc sub-encoding to TS1/0 on input line 393.
Package textcomp Info: Setting futs sub-encoding to TS1/4 on input line 394.
Package textcomp Info: Setting futx sub-encoding to TS1/4 on input line 395.
Package textcomp Info: Setting futj sub-encoding to TS1/4 on input line 396.
Package textcomp Info: Setting hlh sub-encoding to TS1/3 on input line 397.
Package textcomp Info: Setting hls sub-encoding to TS1/3 on input line 398.
Package textcomp Info: Setting hlst sub-encoding to TS1/3 on input line 399.
Package textcomp Info: Setting hlct sub-encoding to TS1/5 on input line 400.
Package textcomp Info: Setting hlx sub-encoding to TS1/5 on input line 401.
Package textcomp Info: Setting hlce sub-encoding to TS1/5 on input line 402.
Package textcomp Info: Setting hlcn sub-encoding to TS1/5 on input line 403.
Package textcomp Info: Setting hlcw sub-encoding to TS1/5 on input line 404.
Package textcomp Info: Setting hlcf sub-encoding to TS1/5 on input line 405.
Package textcomp Info: Setting pplx sub-encoding to TS1/3 on input line 406.
Package textcomp Info: Setting pplj sub-encoding to TS1/3 on input line 407.
Package textcomp Info: Setting ptmx sub-encoding to TS1/4 on input line 408.
Package textcomp Info: Setting ptmj sub-encoding to TS1/4 on input line 409.
)
(/usr/local/texlive/2018/texmf-dist/tex/latex/psnfss/mathptmx.sty
Package: mathptmx 2005/04/12 PSNFSS-v9.2a Times w/ Math, improved (SPQR, WaS) 
LaTeX Font Info:    Redeclaring symbol font `operators' on input line 28.
LaTeX Font Info:    Overwriting symbol font `operators' in version `normal'
(Font)                  OT1/cmr/m/n --> OT1/ztmcm/m/n on input line 28.
LaTeX Font Info:    Overwriting symbol font `operators' in version `bold'
(Font)                  OT1/cmr/bx/n --> OT1/ztmcm/m/n on input line 28.
LaTeX Font Info:    Redeclaring symbol font `letters' on input line 29.
LaTeX Font Info:    Overwriting symbol font `letters' in version `normal'
(Font)                  OML/cmm/m/it --> OML/ztmcm/m/it on input line 29.
LaTeX Font Info:    Overwriting symbol font `letters' in version `bold'
(Font)                  OML/cmm/b/it --> OML/ztmcm/m/it on input line 29.
LaTeX Font Info:    Redeclaring symbol font `symbols' on input line 30.
LaTeX Font Info:    Overwriting symbol font `symbols' in version `normal'
(Font)                  OMS/cmsy/m/n --> OMS/ztmcm/m/n on input line 30.
LaTeX Font Info:    Overwriting symbol font `symbols' in version `bold'
(Font)                  OMS/cmsy/b/n --> OMS/ztmcm/m/n on input line 30.
LaTeX Font Info:    Redeclaring symbol font `largesymbols' on input line 31.
LaTeX Font Info:    Overwriting symbol font `largesymbols' in version `normal'
(Font)                  OMX/cmex/m/n --> OMX/ztmcm/m/n on input line 31.
LaTeX Font Info:    Overwriting symbol font `largesymbols' in version `bold'
(Font)                  OMX/cmex/m/n --> OMX/ztmcm/m/n on input line 31.
\symbold=\mathgroup4
\symitalic=\mathgroup5
LaTeX Font Info:    Redeclaring math alphabet \mathbf on input line 34.
LaTeX Font Info:    Overwriting math alphabet `\mathbf' in version `normal'
(Font)                  OT1/cmr/bx/n --> OT1/ptm/bx/n on input line 34.
LaTeX Font Info:    Overwriting math alphabet `\mathbf' in version `bold'
(Font)                  OT1/cmr/bx/n --> OT1/ptm/bx/n on input line 34.
LaTeX Font Info:    Redeclaring math alphabet \mathit on input line 35.
LaTeX Font Info:    Overwriting math alphabet `\mathit' in version `normal'
(Font)                  OT1/cmr/m/it --> OT1/ptm/m/it on input line 35.
LaTeX Font Info:    Overwriting math alphabet `\mathit' in version `bold'
(Font)                  OT1/cmr/bx/it --> OT1/ptm/m/it on input line 35.
LaTeX Info: Redefining \hbar on input line 50.
)
PhDThesisPSnPDF: Using Times Roman font
(/usr/local/texlive/2018/texmf-dist/tex/latex/base/inputenc.sty
Package: inputenc 2018/04/06 v1.3b Input encoding file
\inpenc@prehook=\toks20
\inpenc@posthook=\toks21
)
(/usr/local/texlive/2018/texmf-dist/tex/latex/base/fontenc.sty
Package: fontenc 2017/04/05 v2.0i Standard LaTeX package

(/usr/local/texlive/2018/texmf-dist/tex/latex/base/t1enc.def
File: t1enc.def 2017/04/05 v2.0i Standard LaTeX file
LaTeX Font Info:    Redeclaring font encoding T1 on input line 48.
))
(/usr/local/texlive/2018/texmf-dist/tex/latex/microtype/microtype.sty
Package: microtype 2018/01/14 v2.7a Micro-typographical refinements (RS)
\MT@toks=\toks22
\MT@count=\count125
LaTeX Info: Redefining \textls on input line 793.
\MT@outer@kern=\dimen108
LaTeX Info: Redefining \textmicrotypecontext on input line 1339.
\MT@listname@count=\count126

(/usr/local/texlive/2018/texmf-dist/tex/latex/microtype/microtype-pdftex.def
File: microtype-pdftex.def 2018/01/14 v2.7a Definitions specific to pdftex (RS)

LaTeX Info: Redefining \lsstyle on input line 913.
LaTeX Info: Redefining \lslig on input line 913.
\MT@outer@space=\skip48
)
Package microtype Info: Loading configuration file microtype.cfg.

(/usr/local/texlive/2018/texmf-dist/tex/latex/microtype/microtype.cfg
File: microtype.cfg 2018/01/14 v2.7a microtype main configuration file (RS)
))
(./glyphtounicode.tex)
(/usr/local/texlive/2018/texmf-dist/tex/latex/amsfonts/amsfonts.sty
Package: amsfonts 2013/01/14 v3.01 Basic AMSFonts support
\symAMSa=\mathgroup6
\symAMSb=\mathgroup7
LaTeX Font Info:    Overwriting math alphabet `\mathfrak' in version `bold'
(Font)                  U/euf/m/n --> U/euf/b/n on input line 106.
)
(/usr/local/texlive/2018/texmf-dist/tex/latex/amsmath/amsmath.sty
Package: amsmath 2017/09/02 v2.17a AMS math features
\@mathmargin=\skip49

For additional information on amsmath, use the `?' option.
(/usr/local/texlive/2018/texmf-dist/tex/latex/amsmath/amstext.sty
Package: amstext 2000/06/29 v2.01 AMS text
)
(/usr/local/texlive/2018/texmf-dist/tex/latex/amsmath/amsbsy.sty
Package: amsbsy 1999/11/29 v1.2d Bold Symbols
\pmbraise@=\dimen109
)
(/usr/local/texlive/2018/texmf-dist/tex/latex/amsmath/amsopn.sty
Package: amsopn 2016/03/08 v2.02 operator names
)
\inf@bad=\count127
LaTeX Info: Redefining \frac on input line 213.
\uproot@=\count128
\leftroot@=\count129
LaTeX Info: Redefining \overline on input line 375.
\classnum@=\count130
\DOTSCASE@=\count131
LaTeX Info: Redefining \ldots on input line 472.
LaTeX Info: Redefining \dots on input line 475.
LaTeX Info: Redefining \cdots on input line 596.
\Mathstrutbox@=\box26
\strutbox@=\box27
\big@size=\dimen110
LaTeX Font Info:    Redeclaring font encoding OML on input line 712.
LaTeX Font Info:    Redeclaring font encoding OMS on input line 713.
\macc@depth=\count132
\c@MaxMatrixCols=\count133
\dotsspace@=\muskip10
\c@parentequation=\count134
\dspbrk@lvl=\count135
\tag@help=\toks23
\row@=\count136
\column@=\count137
\maxfields@=\count138
\andhelp@=\toks24
\eqnshift@=\dimen111
\alignsep@=\dimen112
\tagshift@=\dimen113
\tagwidth@=\dimen114
\totwidth@=\dimen115
\lineht@=\dimen116
\@envbody=\toks25
\multlinegap=\skip50
\multlinetaggap=\skip51
\mathdisplay@stack=\toks26
LaTeX Info: Redefining \[ on input line 2817.
LaTeX Info: Redefining \] on input line 2818.
)
(/usr/local/texlive/2018/texmf-dist/tex/latex/amsfonts/amssymb.sty
Package: amssymb 2013/01/14 v3.01 AMS font symbols
)
(/usr/local/texlive/2018/texmf-dist/tex/latex/hyperref/hyperref.sty
Package: hyperref 2018/02/06 v6.86b Hypertext links for LaTeX

(/usr/local/texlive/2018/texmf-dist/tex/generic/oberdiek/hobsub-hyperref.sty
Package: hobsub-hyperref 2016/05/16 v1.14 Bundle oberdiek, subset hyperref (HO)


(/usr/local/texlive/2018/texmf-dist/tex/generic/oberdiek/hobsub-generic.sty
Package: hobsub-generic 2016/05/16 v1.14 Bundle oberdiek, subset generic (HO)
Package: hobsub 2016/05/16 v1.14 Construct package bundles (HO)
Package hobsub Info: Skipping package `infwarerr' (already loaded).
Package hobsub Info: Skipping package `ltxcmds' (already loaded).
Package hobsub Info: Skipping package `ifluatex' (already loaded).
Package: ifvtex 2016/05/16 v1.6 Detect VTeX and its facilities (HO)
Package ifvtex Info: VTeX not detected.
Package: intcalc 2016/05/16 v1.2 Expandable calculations with integers (HO)
Package hobsub Info: Skipping package `ifpdf' (already loaded).
Package hobsub Info: Skipping package `etexcmds' (already loaded).
Package hobsub Info: Skipping package `kvsetkeys' (already loaded).
Package hobsub Info: Skipping package `kvdefinekeys' (already loaded).
Package hobsub Info: Skipping package `pdftexcmds' (already loaded).
Package: pdfescape 2016/05/16 v1.14 Implements pdfTeX's escape features (HO)
Package: bigintcalc 2016/05/16 v1.4 Expandable calculations on big integers (HO
)
Package: bitset 2016/05/16 v1.2 Handle bit-vector datatype (HO)
Package: uniquecounter 2016/05/16 v1.3 Provide unlimited unique counter (HO)
)
Package hobsub Info: Skipping package `hobsub' (already loaded).
Package: letltxmacro 2016/05/16 v1.5 Let assignment for LaTeX macros (HO)
Package: hopatch 2016/05/16 v1.3 Wrapper for package hooks (HO)
Package: xcolor-patch 2016/05/16 xcolor patch
Package: atveryend 2016/05/16 v1.9 Hooks at the very end of document (HO)
Package: atbegshi 2016/06/09 v1.18 At begin shipout hook (HO)
Package: refcount 2016/05/16 v3.5 Data extraction from label references (HO)
Package: hycolor 2016/05/16 v1.8 Color options for hyperref/bookmark (HO)
)
(/usr/local/texlive/2018/texmf-dist/tex/latex/oberdiek/auxhook.sty
Package: auxhook 2016/05/16 v1.4 Hooks for auxiliary files (HO)
)
\@linkdim=\dimen117
\Hy@linkcounter=\count139
\Hy@pagecounter=\count140

(/usr/local/texlive/2018/texmf-dist/tex/latex/hyperref/pd1enc.def
File: pd1enc.def 2018/02/06 v6.86b Hyperref: PDFDocEncoding definition (HO)
Now handling font encoding PD1 ...
... no UTF-8 mapping file for font encoding PD1
)
\Hy@SavedSpaceFactor=\count141

(/usr/local/texlive/2018/texmf-dist/tex/latex/latexconfig/hyperref.cfg
File: hyperref.cfg 2002/06/06 v1.2 hyperref configuration of TeXLive
)
Package hyperref Info: Option `unicode' set `true' on input line 4383.

(/usr/local/texlive/2018/texmf-dist/tex/latex/hyperref/puenc.def
File: puenc.def 2018/02/06 v6.86b Hyperref: PDF Unicode definition (HO)
Now handling font encoding PU ...
... no UTF-8 mapping file for font encoding PU
)
Package hyperref Info: Hyper figures OFF on input line 4509.
Package hyperref Info: Link nesting OFF on input line 4514.
Package hyperref Info: Hyper index ON on input line 4517.
Package hyperref Info: Plain pages OFF on input line 4524.
Package hyperref Info: Backreferencing OFF on input line 4529.
Package hyperref Info: Implicit mode ON; LaTeX internals redefined.
Package hyperref Info: Bookmarks ON on input line 4762.
\c@Hy@tempcnt=\count142

(/usr/local/texlive/2018/texmf-dist/tex/latex/url/url.sty
\Urlmuskip=\muskip11
Package: url 2013/09/16  ver 3.4  Verb mode for urls, etc.
)
LaTeX Info: Redefining \url on input line 5115.
\XeTeXLinkMargin=\dimen118
\Fld@menulength=\count143
\Field@Width=\dimen119
\Fld@charsize=\dimen120
Package hyperref Info: Hyper figures OFF on input line 6369.
Package hyperref Info: Link nesting OFF on input line 6374.
Package hyperref Info: Hyper index ON on input line 6377.
Package hyperref Info: backreferencing OFF on input line 6384.
Package hyperref Info: Link coloring OFF on input line 6389.
Package hyperref Info: Link coloring with OCG OFF on input line 6394.
Package hyperref Info: PDF/A mode OFF on input line 6399.
LaTeX Info: Redefining \ref on input line 6439.
LaTeX Info: Redefining \pageref on input line 6443.
\Hy@abspage=\count144
\c@Item=\count145
\c@Hfootnote=\count146
)
Package hyperref Info: Driver (autodetected): hpdftex.

(/usr/local/texlive/2018/texmf-dist/tex/latex/hyperref/hpdftex.def
File: hpdftex.def 2018/02/06 v6.86b Hyperref driver for pdfTeX
\Fld@listcount=\count147
\c@bookmark@seq@number=\count148

(/usr/local/texlive/2018/texmf-dist/tex/latex/oberdiek/rerunfilecheck.sty
Package: rerunfilecheck 2016/05/16 v1.8 Rerun checks for auxiliary files (HO)
Package uniquecounter Info: New unique counter `rerunfilecheck' on input line 2
82.
)
\Hy@SectionHShift=\skip52
)
Package hyperref Info: Option `final' set `true' on input line 621.
Package hyperref Info: Option `plainpages' set `false' on input line 621.
Package hyperref Info: Option `pdftoolbar' set `true' on input line 621.
Package hyperref Info: Option `pdfmenubar' set `true' on input line 621.
Package hyperref Info: Option `bookmarksopen' set `true' on input line 621.
Package hyperref Info: Option `bookmarksnumbered' set `true' on input line 621.

Package hyperref Info: Option `breaklinks' set `true' on input line 621.
Package hyperref Info: Option `linktocpage' set `true' on input line 621.
Package hyperref Info: Option `colorlinks' set `true' on input line 621.

(/usr/local/texlive/2018/texmf-dist/tex/latex/geometry/geometry.sty
Package: geometry 2018/03/24 v5.7 Page Geometry
\Gm@cnth=\count149
\Gm@cntv=\count150
\c@Gm@tempcnt=\count151
\Gm@bindingoffset=\dimen121
\Gm@wd@mp=\dimen122
\Gm@odd@mp=\dimen123
\Gm@even@mp=\dimen124
\Gm@layoutwidth=\dimen125
\Gm@layoutheight=\dimen126
\Gm@layouthoffset=\dimen127
\Gm@layoutvoffset=\dimen128
\Gm@dimlist=\toks27
)
PhDThesisPSnPDF: The University identity guidelines recommend using left aligne
d text. Please use `flushleft' in the documentclass option, if you wish to left
 align your text
(/usr/local/texlive/2018/texmf-dist/tex/latex/fancyhdr/fancyhdr.sty
Package: fancyhdr 2017/06/30 v3.9a Extensive control of page headers and footer
s
\f@nch@headwidth=\skip53
\f@nch@O@elh=\skip54
\f@nch@O@erh=\skip55
\f@nch@O@olh=\skip56
\f@nch@O@orh=\skip57
\f@nch@O@elf=\skip58
\f@nch@O@erf=\skip59
\f@nch@O@olf=\skip60
\f@nch@O@orf=\skip61
)
(/usr/local/texlive/2018/texmf-dist/tex/latex/nomencl/nomencl.sty
Package: nomencl 2005/09/22 v4.2 Nomenclature package (LN)
\nomlabelwidth=\dimen129
\nom@tempdim=\dimen130
\nomitemsep=\skip62
)
\@nomenclaturefile=\write3
\openout3 = `thesis.nlo'.


Writing nomenclature file thesis.nlo
) (./Preamble/preamble.tex
(/usr/local/texlive/2018/texmf-dist/tex/latex/wasysym/wasysym.sty
Package: wasysym 2003/10/30 v2.0 Wasy-2 symbol support package
\symwasy=\mathgroup8
LaTeX Font Info:    Overwriting symbol font `wasy' in version `bold'
(Font)                  U/wasy/m/n --> U/wasy/b/n on input line 90.
)
(/usr/local/texlive/2018/texmf-dist/tex/latex/caption/caption.sty
Package: caption 2016/02/21 v3.3-144 Customizing captions (AR)

(/usr/local/texlive/2018/texmf-dist/tex/latex/caption/caption3.sty
Package: caption3 2016/05/22 v1.7-166 caption3 kernel (AR)
Package caption3 Info: TeX engine: e-TeX on input line 67.
\captionmargin=\dimen131
\captionmargin@=\dimen132
\captionwidth=\dimen133
\caption@tempdima=\dimen134
\caption@indent=\dimen135
\caption@parindent=\dimen136
\caption@hangindent=\dimen137
)
\c@ContinuedFloat=\count152
Package caption Info: hyperref package is loaded.
)
(/usr/local/texlive/2018/texmf-dist/tex/latex/caption/subcaption.sty
Package: subcaption 2016/05/22 v1.1-161 Sub-captions (AR)
\c@subfigure=\count153
\c@subtable=\count154
)
(/usr/local/texlive/2018/texmf-dist/tex/latex/epigraph/epigraph.sty
Package: epigraph 2009/09/02 v1.5c typesetting epigraphs
\beforeepigraphskip=\skip63
\afterepigraphskip=\skip64
\epigraphwidth=\skip65
\epigraphrule=\skip66
)
(/usr/local/texlive/2018/texmf-dist/tex/latex/booktabs/booktabs.sty
Package: booktabs 2016/04/27 v1.618033 publication quality tables
\heavyrulewidth=\dimen138
\lightrulewidth=\dimen139
\cmidrulewidth=\dimen140
\belowrulesep=\dimen141
\belowbottomsep=\dimen142
\aboverulesep=\dimen143
\abovetopsep=\dimen144
\cmidrulesep=\dimen145
\cmidrulekern=\dimen146
\defaultaddspace=\dimen147
\@cmidla=\count155
\@cmidlb=\count156
\@aboverulesep=\dimen148
\@belowrulesep=\dimen149
\@thisruleclass=\count157
\@lastruleclass=\count158
\@thisrulewidth=\dimen150
)
(/usr/local/texlive/2018/texmf-dist/tex/latex/multirow/multirow.sty
Package: multirow 2016/11/25 v2.2 Span multiple rows of a table
\multirow@colwidth=\skip67
\multirow@cntb=\count159
\multirow@dima=\skip68
\bigstrutjot=\dimen151
)
(/usr/local/texlive/2018/texmf-dist/tex/latex/siunitx/siunitx.sty
(/usr/local/texlive/2018/texmf-dist/tex/latex/l3kernel/expl3.sty
Package: expl3 2018/03/05 L3 programming layer (loader) 

(/usr/local/texlive/2018/texmf-dist/tex/latex/l3kernel/expl3-code.tex
Package: expl3 2018/03/05 L3 programming layer (code)
\c_max_int=\count160
\l_tmpa_int=\count161
\l_tmpb_int=\count162
\g_tmpa_int=\count163
\g_tmpb_int=\count164
\g__intarray_font_int=\count165
\g__prg_map_int=\count166
\c_log_iow=\count167
\l_iow_line_count_int=\count168
\l__iow_line_target_int=\count169
\l__iow_one_indent_int=\count170
\l__iow_indent_int=\count171
\c_zero_dim=\dimen152
\c_max_dim=\dimen153
\l_tmpa_dim=\dimen154
\l_tmpb_dim=\dimen155
\g_tmpa_dim=\dimen156
\g_tmpb_dim=\dimen157
\c_zero_skip=\skip69
\c_max_skip=\skip70
\l_tmpa_skip=\skip71
\l_tmpb_skip=\skip72
\g_tmpa_skip=\skip73
\g_tmpb_skip=\skip74
\c_zero_muskip=\muskip12
\c_max_muskip=\muskip13
\l_tmpa_muskip=\muskip14
\l_tmpb_muskip=\muskip15
\g_tmpa_muskip=\muskip16
\g_tmpb_muskip=\muskip17
\l_keys_choice_int=\count172
\c__fp_leading_shift_int=\count173
\c__fp_middle_shift_int=\count174
\c__fp_trailing_shift_int=\count175
\c__fp_big_leading_shift_int=\count176
\c__fp_big_middle_shift_int=\count177
\c__fp_big_trailing_shift_int=\count178
\c__fp_Bigg_leading_shift_int=\count179
\c__fp_Bigg_middle_shift_int=\count180
\c__fp_Bigg_trailing_shift_int=\count181
\c__fp_rand_size_int=\count182
\c__fp_rand_four_int=\count183
\c__fp_rand_eight_int=\count184
\l__sort_length_int=\count185
\l__sort_min_int=\count186
\l__sort_top_int=\count187
\l__sort_max_int=\count188
\l__sort_true_max_int=\count189
\l__sort_block_int=\count190
\l__sort_begin_int=\count191
\l__sort_end_int=\count192
\l__sort_A_int=\count193
\l__sort_B_int=\count194
\l__sort_C_int=\count195
\l__tl_build_start_index_int=\count196
\l__tl_build_index_int=\count197
\l__tl_analysis_normal_int=\count198
\l__tl_analysis_index_int=\count199
\l__tl_analysis_nesting_int=\count266
\l__tl_analysis_type_int=\count267
\l__regex_internal_a_int=\count268
\l__regex_internal_b_int=\count269
\l__regex_internal_c_int=\count270
\l__regex_balance_int=\count271
\l__regex_group_level_int=\count272
\l__regex_mode_int=\count273
\c__regex_cs_in_class_mode_int=\count274
\c__regex_cs_mode_int=\count275
\l__regex_catcodes_int=\count276
\l__regex_default_catcodes_int=\count277
\c__regex_catcode_D_int=\count278
\c__regex_catcode_S_int=\count279
\c__regex_catcode_L_int=\count280
\c__regex_catcode_O_int=\count281
\c__regex_catcode_A_int=\count282
\c__regex_all_catcodes_int=\count283
\l__regex_show_lines_int=\count284
\l__regex_min_state_int=\count285
\l__regex_max_state_int=\count286
\l__regex_left_state_int=\count287
\l__regex_right_state_int=\count288
\l__regex_capturing_group_int=\count289
\l__regex_min_pos_int=\count290
\l__regex_max_pos_int=\count291
\l__regex_curr_pos_int=\count292
\l__regex_start_pos_int=\count293
\l__regex_success_pos_int=\count294
\l__regex_curr_char_int=\count295
\l__regex_curr_catcode_int=\count296
\l__regex_last_char_int=\count297
\l__regex_case_changed_char_int=\count298
\l__regex_curr_state_int=\count299
\l__regex_step_int=\count300
\l__regex_min_active_int=\count301
\l__regex_max_active_int=\count302
\l__regex_replacement_csnames_int=\count303
\l__regex_match_count_int=\count304
\l__regex_min_submatch_int=\count305
\l__regex_submatch_int=\count306
\l__regex_zeroth_submatch_int=\count307
\g__regex_trace_regex_int=\count308
\c_empty_box=\box28
\l_tmpa_box=\box29
\l_tmpb_box=\box30
\g_tmpa_box=\box31
\g_tmpb_box=\box32
\l__box_top_dim=\dimen158
\l__box_bottom_dim=\dimen159
\l__box_left_dim=\dimen160
\l__box_right_dim=\dimen161
\l__box_top_new_dim=\dimen162
\l__box_bottom_new_dim=\dimen163
\l__box_left_new_dim=\dimen164
\l__box_right_new_dim=\dimen165
\l__box_internal_box=\box33
\l__coffin_internal_box=\box34
\l__coffin_internal_dim=\dimen166
\l__coffin_offset_x_dim=\dimen167
\l__coffin_offset_y_dim=\dimen168
\l__coffin_x_dim=\dimen169
\l__coffin_y_dim=\dimen170
\l__coffin_x_prime_dim=\dimen171
\l__coffin_y_prime_dim=\dimen172
\c_empty_coffin=\box35
\l__coffin_aligned_coffin=\box36
\l__coffin_aligned_internal_coffin=\box37
\l_tmpa_coffin=\box38
\l_tmpb_coffin=\box39
\l__coffin_display_coffin=\box40
\l__coffin_display_coord_coffin=\box41
\l__coffin_display_pole_coffin=\box42
\l__coffin_display_offset_dim=\dimen173
\l__coffin_display_x_dim=\dimen174
\l__coffin_display_y_dim=\dimen175
\l__coffin_bounding_shift_dim=\dimen176
\l__coffin_left_corner_dim=\dimen177
\l__coffin_right_corner_dim=\dimen178
\l__coffin_bottom_corner_dim=\dimen179
\l__coffin_top_corner_dim=\dimen180
\l__coffin_scaled_total_height_dim=\dimen181
\l__coffin_scaled_width_dim=\dimen182
)
(/usr/local/texlive/2018/texmf-dist/tex/latex/l3kernel/l3pdfmode.def
File: l3pdfmode.def 2017/03/18 v L3 Experimental driver: PDF mode
\l__driver_color_stack_int=\count309
))
(/usr/local/texlive/2018/texmf-dist/tex/latex/l3packages/xparse/xparse.sty
Package: xparse 2018/02/21 L3 Experimental document command parser
\l__xparse_current_arg_int=\count310
\g__xparse_grabber_int=\count311
\l__xparse_m_args_int=\count312
\l__xparse_mandatory_args_int=\count313
\l__xparse_v_nesting_int=\count314
)
Package: siunitx 2018-03-20 v2.7m A comprehensive (SI) units package

(/usr/local/texlive/2018/texmf-dist/tex/latex/tools/array.sty
Package: array 2018/04/07 v2.4g Tabular extension package (FMi)
\col@sep=\dimen183
\ar@mcellbox=\box43
\extrarowheight=\dimen184
\NC@list=\toks28
\extratabsurround=\skip75
\backup@length=\skip76
\ar@cellbox=\box44
)
(/usr/local/texlive/2018/texmf-dist/tex/latex/l3packages/l3keys2e/l3keys2e.sty
Package: l3keys2e 2018/02/21 LaTeX2e option processing using LaTeX3 keys
)
\l__siunitx_tmp_box=\box45
\l__siunitx_tmp_dim=\dimen185
\l__siunitx_tmp_int=\count315
\l__siunitx_number_mantissa_length_int=\count316
\l__siunitx_number_uncert_length_int=\count317
\l__siunitx_round_int=\count318
\l__siunitx_process_decimal_int=\count319
\l__siunitx_process_uncertainty_int=\count320
\l__siunitx_process_fixed_int=\count321
\l__siunitx_process_integer_min_int=\count322
\l__siunitx_process_precision_int=\count323
\l__siunitx_group_min_int=\count324
\l__siunitx_angle_marker_box=\box46
\l__siunitx_angle_unit_box=\box47
\l__siunitx_angle_marker_dim=\dimen186
\l__siunitx_angle_unit_dim=\dimen187
\l__siunitx_unit_int=\count325
\l__siunitx_unit_denominator_int=\count326
\l__siunitx_unit_numerator_int=\count327
\l__siunitx_unit_prefix_int=\count328
\l__siunitx_unit_prefix_base_int=\count329
\l__siunitx_unit_prefix_gram_int=\count330
\l__siunitx_number_product_int=\count331
\c__siunitx_one_fill_skip=\skip77
\l__siunitx_table_unit_align_skip=\skip78
\l__siunitx_table_exponent_dim=\dimen188
\l__siunitx_table_integer_dim=\dimen189
\l__siunitx_table_mantissa_dim=\dimen190
\l__siunitx_table_marker_dim=\dimen191
\l__siunitx_table_result_dim=\dimen192
\l__siunitx_table_uncert_dim=\dimen193
\l__siunitx_table_fill_pre_dim=\dimen194
\l__siunitx_table_fill_post_dim=\dimen195
\l__siunitx_table_fill_mid_dim=\dimen196
\l__siunitx_table_pre_box=\box48
\l__siunitx_table_post_box=\box49
\l__siunitx_table_mantissa_box=\box50
\l__siunitx_table_result_box=\box51
\l__siunitx_table_number_align_skip=\skip79
\l__siunitx_table_text_align_skip=\skip80
.................................................
. LaTeX info: "xparse/define-command"
. 
. Defining command \DeclareBinaryPrefix with sig. 'mmm' on line 7244.
.................................................
.................................................
. LaTeX info: "xparse/define-command"
. 
. Defining command \DeclareSIPostPower with sig. 'mm' on line 7247.
.................................................
.................................................
. LaTeX info: "xparse/define-command"
. 
. Defining command \DeclareSIPrefix with sig. 'mmm' on line 7250.
.................................................
.................................................
. LaTeX info: "xparse/define-command"
. 
. Defining command \DeclareSIPrePower with sig. 'mm' on line 7253.
.................................................
.................................................
. LaTeX info: "xparse/define-command"
. 
. Defining command \DeclareSIQualifier with sig. 'mm' on line 7256.
.................................................
.................................................
. LaTeX info: "xparse/define-command"
. 
. Defining command \DeclareSIUnit with sig. 'O{}mm' on line 7259.
.................................................
.................................................
. LaTeX info: "xparse/define-command"
. 
. Defining command \DeclareSIUnitWithOptions with sig. 'mmm' on line 7262.
.................................................
.................................................
. LaTeX info: "xparse/define-command"
. 
. Defining command \ang with sig. 'o>{\SplitArgument {2}{;}}m' on line 7277.
.................................................
.................................................
. LaTeX info: "xparse/define-command"
. 
. Defining command \num with sig. 'om' on line 7286.
.................................................
.................................................
. LaTeX info: "xparse/define-command"
. 
. Defining command \numlist with sig. 'o>{\SplitList {;}}m' on line 7295.
.................................................
.................................................
. LaTeX info: "xparse/define-command"
. 
. Defining command \numrange with sig. 'omm' on line 7304.
.................................................
.................................................
. LaTeX info: "xparse/define-command"
. 
. Defining command \SIlist with sig. 'o>{\SplitList {;}}mm' on line 7316.
.................................................
.................................................
. LaTeX info: "xparse/define-command"
. 
. Defining command \SIrange with sig. 'ommm' on line 7328.
.................................................
.................................................
. LaTeX info: "xparse/define-command"
. 
. Defining command \SI with sig. 'omom' on line 7340.
.................................................
.................................................
. LaTeX info: "xparse/define-command"
. 
. Defining command \sisetup with sig. 'm' on line 7343.
.................................................
.................................................
. LaTeX info: "xparse/define-command"
. 
. Defining command \tablenum with sig. 'om' on line 7358.
.................................................
.................................................
. LaTeX info: "xparse/define-command"
. 
. Defining command \si with sig. 'om' on line 7370.
.................................................
.................................................
. LaTeX info: "xparse/define-command"
. 
. Defining command \numInBookmark with sig. 'om' on line 7417.
.................................................
.................................................
. LaTeX info: "xparse/define-command"
. 
. Defining command \numrangeInBookmark with sig. 'omm' on line 7419.
.................................................
.................................................
. LaTeX info: "xparse/define-command"
. 
. Defining command \SIInBookmark with sig. 'omom' on line 7421.
.................................................
.................................................
. LaTeX info: "xparse/define-command"
. 
. Defining command \SIlistInBookmark with sig. 'omm' on line 7423.
.................................................
.................................................
. LaTeX info: "xparse/define-command"
. 
. Defining command \SIrangeInBookmark with sig. 'ommm' on line 7425.
.................................................
.................................................
. LaTeX info: "xparse/define-command"
. 
. Defining command \siInBookmark with sig. 'om' on line 7426.
.................................................
\g__file_internal_ior=\read1
(/usr/local/texlive/2018/texmf-dist/tex/latex/translator/translator.sty
Package: translator 2018/01/04 v1.12 Easy translation of strings in LaTeX
))
(/usr/local/texlive/2018/texmf-dist/tex/latex/glossaries/base/glossaries.sty
Package: glossaries 2018/04/07 v4.37 (NLCT)

(/usr/local/texlive/2018/texmf-dist/tex/latex/mfirstuc/mfirstuc.sty
Package: mfirstuc 2017/11/14 v2.06 (NLCT)
\@glsmfirst=\toks29
\@glsmrest=\toks30
)
(/usr/local/texlive/2018/texmf-dist/tex/latex/textcase/textcase.sty
Package: textcase 2004/10/07 v0.07 Text only upper/lower case changing (DPC)
)
(/usr/local/texlive/2018/texmf-dist/tex/latex/xfor/xfor.sty
Package: xfor 2009/02/05 v1.05 (NLCT)
)
(/usr/local/texlive/2018/texmf-dist/tex/latex/datatool/datatool-base.sty
Package: datatool-base 2017/11/12 v2.29 (NLCT)

(/usr/local/texlive/2018/texmf-dist/tex/latex/substr/substr.sty
Package: substr 2009/10/20 v1.2 Handle substrings
\c@su@anzahl=\count332
)
(/usr/local/texlive/2018/texmf-dist/tex/latex/datatool/datatool-fp.sty
Package: datatool-fp 2017/11/12 v2.29 (NLCT)

(/usr/local/texlive/2018/texmf-dist/tex/latex/fp/fp.sty
Package: fp 1995/04/02

`Fixed Point Package', Version 0.8, April 2, 1995 (C) Michael Mehlich
(/usr/local/texlive/2018/texmf-dist/tex/latex/fp/defpattern.sty
Package: defpattern 1994/10/12
\actioncount=\count333
)
(/usr/local/texlive/2018/texmf-dist/tex/latex/fp/fp-basic.sty
Package: fp-basic 1996/05/13
\FP@xs=\count334
\FP@xia=\count335
\FP@xib=\count336
\FP@xfa=\count337
\FP@xfb=\count338
\FP@rega=\count339
\FP@regb=\count340
\FP@regs=\count341
\FP@times=\count342
)
(/usr/local/texlive/2018/texmf-dist/tex/latex/fp/fp-addons.sty
Package: fp-addons 1995/03/15
)
(/usr/local/texlive/2018/texmf-dist/tex/latex/fp/fp-snap.sty
Package: fp-snap 1995/04/05
)
(/usr/local/texlive/2018/texmf-dist/tex/latex/fp/fp-exp.sty
Package: fp-exp 1995/04/03
)
(/usr/local/texlive/2018/texmf-dist/tex/latex/fp/fp-trigo.sty
Package: fp-trigo 1995/04/14
)
(/usr/local/texlive/2018/texmf-dist/tex/latex/fp/fp-pas.sty
Package: fp-pas 1994/08/29
)
(/usr/local/texlive/2018/texmf-dist/tex/latex/fp/fp-random.sty
Package: fp-random 1995/02/23
\FPseed=\count343
)
(/usr/local/texlive/2018/texmf-dist/tex/latex/fp/fp-eqn.sty
Package: fp-eqn 1995/04/03
)
(/usr/local/texlive/2018/texmf-dist/tex/latex/fp/fp-upn.sty
Package: fp-upn 1996/10/21
)
(/usr/local/texlive/2018/texmf-dist/tex/latex/fp/fp-eval.sty
Package: fp-eval 1995/04/03
)))
\@dtl@toks=\toks31
\@dtl@tmpcount=\count344
\dtl@tmplength=\skip81
\dtl@sortresult=\count345
\@dtl@numgrpsepcount=\count346
\@dtl@datatype=\count347
\dtl@codeA=\count348
\dtl@codeB=\count349
\@dtl@foreach@level=\count350
)
(/usr/local/texlive/2018/texmf-dist/tex/latex/glossaries/base/glossaries-compat
ible-307.sty
Package: glossaries-compatible-307 2018/04/07 v4.37 (NLCT)
)
(/usr/local/texlive/2018/texmf-dist/tex/latex/tracklang/tracklang.sty
Package: tracklang 2018/02/21 v1.3.5 (NLCT) Track Languages

(/usr/local/texlive/2018/texmf-dist/tex/generic/tracklang/tracklang.tex))
(/usr/local/texlive/2018/texmf-dist/tex/latex/glossaries-english/glossaries-eng
lish.ldf
File: glossaries-english.ldf 2014/11/23 v1.0
)
\gls@level=\count351
\@gls@tmpb=\toks32
\gls@tmplen=\skip82
\glskeylisttok=\toks33
\glslabeltok=\toks34
\glsshorttok=\toks35
\glslongtok=\toks36

(/usr/local/texlive/2018/texmf-dist/tex/latex/glossaries/styles/glossary-hypern
av.sty
Package: glossary-hypernav 2018/04/07 v4.37 (NLCT)
)
(/usr/local/texlive/2018/texmf-dist/tex/latex/glossaries/styles/glossary-list.s
ty
Package: glossary-list 2018/04/07 v4.37 (NLCT)
\glslistdottedwidth=\skip83
)
(/usr/local/texlive/2018/texmf-dist/tex/latex/glossaries/styles/glossary-long.s
ty
Package: glossary-long 2018/04/07 v4.37 (NLCT)
 (/usr/local/texlive/2018/texmf-dist/tex/latex/tools/longtable.sty
Package: longtable 2014/10/28 v4.11 Multi-page Table package (DPC)
\LTleft=\skip84
\LTright=\skip85
\LTpre=\skip86
\LTpost=\skip87
\LTchunksize=\count352
\LTcapwidth=\dimen197
\LT@head=\box52
\LT@firsthead=\box53
\LT@foot=\box54
\LT@lastfoot=\box55
\LT@cols=\count353
\LT@rows=\count354
\c@LT@tables=\count355
\c@LT@chunks=\count356
\LT@p@ftn=\toks37
)
\glsdescwidth=\skip88
\glspagelistwidth=\skip89
)
(/usr/local/texlive/2018/texmf-dist/tex/latex/glossaries/styles/glossary-super.
sty
Package: glossary-super 2018/04/07 v4.37 (NLCT)
 (/usr/local/texlive/2018/texmf-dist/tex/latex/supertabular/supertabular.sty
Package: supertabular 2004/02/20 v4.1e the supertabular environment
\c@tracingst=\count357
\ST@wd=\dimen198
\ST@rightskip=\skip90
\ST@leftskip=\skip91
\ST@parfillskip=\skip92
\ST@pageleft=\dimen199
\ST@headht=\dimen256
\ST@tailht=\dimen257
\ST@pagesofar=\dimen258
\ST@pboxht=\dimen259
\ST@lineht=\dimen260
\ST@stretchht=\dimen261
\ST@prevht=\dimen262
\ST@toadd=\dimen263
\ST@dimen=\dimen264
\ST@pbox=\box56
))
(/usr/local/texlive/2018/texmf-dist/tex/latex/glossaries/styles/glossary-tree.s
ty
Package: glossary-tree 2018/04/07 v4.37 (NLCT)
\glstreeindent=\skip93
))
\glswrite=\write4
\glo@main@file=\write5
\openout5 = `thesis.glo'.

Package glossaries Info: Writing glossary file thesis.glo on input line 157.
\glo@acronym@file=\write6
\openout6 = `thesis.acn'.

Package glossaries Info: Writing glossary file thesis.acn on input line 157.
) (/usr/local/texlive/2018/texmf-dist/tex/latex/enumitem/enumitem.sty
Package: enumitem 2011/09/28 v3.5.2 Customized lists
\labelindent=\skip94
\enit@outerparindent=\dimen265
\enit@toks=\toks38
\enit@inbox=\box57
\enitdp@description=\count358
)
\@input{Acronym/Acronym.aux}
\openout2 = `Acronym/Acronym.aux'.

(./Acronym/Acronym.tex) (./thesis-info.tex) (./thesis.aux
(./Dedication/dedication.aux) (./Declaration/declaration.aux)
(./Acknowledgement/acknowledgement.aux) (./Abstract/abstract.aux)
(./Chapter1/chapter1.aux) (./Chapter2/chapter2.aux) (./Chapter3/chapter3.aux)
(./Chapter4/chapter4.aux) (./Chapter5/chapter5.aux) (./Appendix/appendix.aux))
\openout1 = `thesis.aux'.

LaTeX Font Info:    Checking defaults for OML/cmm/m/it on input line 101.
LaTeX Font Info:    ... okay on input line 101.
LaTeX Font Info:    Checking defaults for T1/cmr/m/n on input line 101.
LaTeX Font Info:    ... okay on input line 101.
LaTeX Font Info:    Checking defaults for OT1/cmr/m/n on input line 101.
LaTeX Font Info:    ... okay on input line 101.
LaTeX Font Info:    Checking defaults for OMS/cmsy/m/n on input line 101.
LaTeX Font Info:    ... okay on input line 101.
LaTeX Font Info:    Checking defaults for OMX/cmex/m/n on input line 101.
LaTeX Font Info:    ... okay on input line 101.
LaTeX Font Info:    Checking defaults for U/cmr/m/n on input line 101.
LaTeX Font Info:    ... okay on input line 101.
LaTeX Font Info:    Checking defaults for TS1/cmr/m/n on input line 101.
LaTeX Font Info:    Try loading font information for TS1+cmr on input line 101.


(/usr/local/texlive/2018/texmf-dist/tex/latex/base/ts1cmr.fd
File: ts1cmr.fd 2014/09/29 v2.5h Standard LaTeX font definitions
)
LaTeX Font Info:    ... okay on input line 101.
LaTeX Font Info:    Checking defaults for PD1/pdf/m/n on input line 101.
LaTeX Font Info:    ... okay on input line 101.
LaTeX Font Info:    Checking defaults for PU/pdf/m/n on input line 101.
LaTeX Font Info:    ... okay on input line 101.
LaTeX Font Info:    Try loading font information for T1+ptm on input line 101.

(/usr/local/texlive/2018/texmf-dist/tex/latex/psnfss/t1ptm.fd
File: t1ptm.fd 2001/06/04 font definitions for T1/ptm.
)
(/usr/local/texlive/2018/texmf-dist/tex/context/base/mkii/supp-pdf.mkii
[Loading MPS to PDF converter (version 2006.09.02).]
\scratchcounter=\count359
\scratchdimen=\dimen266
\scratchbox=\box58
\nofMPsegments=\count360
\nofMParguments=\count361
\everyMPshowfont=\toks39
\MPscratchCnt=\count362
\MPscratchDim=\dimen267
\MPnumerator=\count363
\makeMPintoPDFobject=\count364
\everyMPtoPDFconversion=\toks40
) (/usr/local/texlive/2018/texmf-dist/tex/latex/fmtcount/fc-english.def
File: fc-english.def 2016/01/12
)
LaTeX Info: Redefining \microtypecontext on input line 101.
Package microtype Info: Generating PDF output.
Package microtype Info: Character protrusion enabled (level 2).
Package microtype Info: Using default protrusion set `alltext'.
Package microtype Info: Automatic font expansion enabled (level 2),
(microtype)             stretch: 20, shrink: 20, step: 1, non-selected.
Package microtype Info: Using default expansion set `basictext'.
Package microtype Info: No adjustment of tracking.
Package microtype Info: No adjustment of interword spacing.
Package microtype Info: No adjustment of character kerning.

(/usr/local/texlive/2018/texmf-dist/tex/latex/microtype/mt-ptm.cfg
File: mt-ptm.cfg 2006/04/20 v1.7 microtype config. file: Times (RS)
)
\AtBeginShipoutBox=\box59
Package hyperref Info: Link coloring ON on input line 101.

(/usr/local/texlive/2018/texmf-dist/tex/latex/hyperref/nameref.sty
Package: nameref 2016/05/21 v2.44 Cross-referencing by name of section

(/usr/local/texlive/2018/texmf-dist/tex/generic/oberdiek/gettitlestring.sty
Package: gettitlestring 2016/05/16 v1.5 Cleanup title references (HO)
)
\c@section@level=\count365
)
LaTeX Info: Redefining \ref on input line 101.
LaTeX Info: Redefining \pageref on input line 101.
LaTeX Info: Redefining \nameref on input line 101.

(./thesis.out) (./thesis.out)
\@outlinefile=\write7
\openout7 = `thesis.out'.


*geometry* driver: auto-detecting
*geometry* detected driver: pdftex
*geometry* verbose mode - [ preamble ] result:
* driver: pdftex
* paper: a4paper
* layout: <same size as paper>
* layoutoffset:(h,v)=(0.0pt,0.0pt)
* hratio: 1:1
* vratio: 1:1
* bindingoffset: 14.22636pt
* modes: twoside 
* h-part:(L,W,R)=(72.91019pt, 437.46112pt, 72.9102pt)
* v-part:(T,H,B)=(105.63086pt, 633.78513pt, 105.63086pt)
* \paperwidth=597.50787pt
* \paperheight=845.04684pt
* \textwidth=437.46112pt
* \textheight=633.78513pt
* \oddsidemargin=14.86656pt
* \evensidemargin=0.64021pt
* \topmargin=1.48708pt
* \headheight=14.5pt
* \headsep=19.8738pt
* \topskip=12.0pt
* \footskip=30.0pt
* \marginparwidth=88.0pt
* \marginparsep=7.0pt
* \columnsep=10.0pt
* \skip\footins=10.8pt plus 4.0pt minus 2.0pt
* \hoffset=0.0pt
* \voffset=0.0pt
* \mag=1000
* \@twocolumnfalse
* \@twosidetrue
* \@mparswitchtrue
* \@reversemarginfalse
* (1in=72.27pt=25.4mm, 1cm=28.453pt)

Package caption Info: Begin \AtBeginDocument code.
Package caption Info: longtable package is loaded.
(/usr/local/texlive/2018/texmf-dist/tex/latex/caption/ltcaption.sty
Package: ltcaption 2013/06/09 v1.4-94 longtable captions (AR)
)
Package caption Info: supertabular package is loaded.
Package caption Info: End \AtBeginDocument code.

(/usr/local/texlive/2018/texmf-dist/tex/latex/translator/translator-basic-dicti
onary-English.dict
Dictionary: translator-basic-dictionary, Language: English 
)
(/usr/local/texlive/2018/texmf-dist/tex/latex/siunitx/siunitx-abbreviations.cfg
File: siunitx-abbreviations.cfg 2017/11/26 v2.7k siunitx: Abbreviated units
)
LaTeX Font Info:    Try loading font information for OT1+ztmcm on input line 10
1.
 (/usr/local/texlive/2018/texmf-dist/tex/latex/psnfss/ot1ztmcm.fd
File: ot1ztmcm.fd 2000/01/03 Fontinst v1.801 font definitions for OT1/ztmcm.
)
Package microtype Info: Loading generic protrusion settings for font family
(microtype)             `ztmcm' (encoding: OT1).
(microtype)             For optimal results, create family-specific settings.
(microtype)             See the microtype manual for details.
LaTeX Font Info:    Try loading font information for OML+ztmcm on input line 10
1.

(/usr/local/texlive/2018/texmf-dist/tex/latex/psnfss/omlztmcm.fd
File: omlztmcm.fd 2000/01/03 Fontinst v1.801 font definitions for OML/ztmcm.
)
LaTeX Font Info:    Try loading font information for OMS+ztmcm on input line 10
1.

(/usr/local/texlive/2018/texmf-dist/tex/latex/psnfss/omsztmcm.fd
File: omsztmcm.fd 2000/01/03 Fontinst v1.801 font definitions for OMS/ztmcm.
)
LaTeX Font Info:    Try loading font information for OMX+ztmcm on input line 10
1.

(/usr/local/texlive/2018/texmf-dist/tex/latex/psnfss/omxztmcm.fd
File: omxztmcm.fd 2000/01/03 Fontinst v1.801 font definitions for OMX/ztmcm.
)
LaTeX Font Info:    Try loading font information for OT1+ptm on input line 101.


(/usr/local/texlive/2018/texmf-dist/tex/latex/psnfss/ot1ptm.fd
File: ot1ptm.fd 2001/06/04 font definitions for OT1/ptm.
)
LaTeX Font Info:    Font shape `OT1/ptm/bx/n' in size <12> not available
(Font)              Font shape `OT1/ptm/b/n' tried instead on input line 101.
LaTeX Font Info:    Font shape `OT1/ptm/bx/n' in size <9> not available
(Font)              Font shape `OT1/ptm/b/n' tried instead on input line 101.
LaTeX Font Info:    Font shape `OT1/ptm/bx/n' in size <7> not available
(Font)              Font shape `OT1/ptm/b/n' tried instead on input line 101.

(/usr/local/texlive/2018/texmf-dist/tex/latex/microtype/mt-msa.cfg
File: mt-msa.cfg 2006/02/04 v1.1 microtype config. file: AMS symbols (a) (RS)
)
(/usr/local/texlive/2018/texmf-dist/tex/latex/microtype/mt-msb.cfg
File: mt-msb.cfg 2005/06/01 v1.0 microtype config. file: AMS symbols (b) (RS)
)
LaTeX Font Info:    Try loading font information for U+wasy on input line 101.

(/usr/local/texlive/2018/texmf-dist/tex/latex/wasysym/uwasy.fd
File: uwasy.fd 2003/10/30 v2.0 Wasy-2 symbol font definitions
)
Package microtype Info: Loading generic protrusion settings for font family
(microtype)             `cmss' (encoding: OT1).
(microtype)             For optimal results, create family-specific settings.
(microtype)             See the microtype manual for details.
Package microtype Info: Loading generic protrusion settings for font family
(microtype)             `cmtt' (encoding: OT1).
(microtype)             For optimal results, create family-specific settings.
(microtype)             See the microtype manual for details.
\PHD@Title=\box60
LaTeX Font Info:    Font shape `T1/ptm/bx/n' in size <24.88> not available
(Font)              Font shape `T1/ptm/b/n' tried instead on input line 105.
\PHD@crest=\box61
<Figs/University_Crest.pdf, id=237, 59.22125pt x 69.25874pt>
File: Figs/University_Crest.pdf Graphic file (type pdf)
<use Figs/University_Crest.pdf>
Package pdftex.def Info: Figs/University_Crest.pdf  used on input line 105.
(pdftex.def)             Requested size: 87.49088pt x 102.32376pt.
\PHD@collegecrest=\box62
\PHD@author=\box63
LaTeX Font Info:    Font shape `T1/ptm/bx/n' in size <17.28> not available
(Font)              Font shape `T1/ptm/b/n' tried instead on input line 105.
\PHD@supervisor=\box64
\PHD@advisor=\box65
\PHD@dept=\box66
\PHD@submission=\box67
\PHD@collegedate=\box68
\PHD@titlepagespacing=\skip95
 [1

\openout4 = `thesis.ist'.




{/usr/local/texlive/2018/texmf-var/fonts/map/pdftex/updmap/pdftex.map} <./Figs/
University_Crest.pdf>]
\openout2 = `Dedication/dedication.aux'.

 (./Dedication/dedication.tex [2


]) [3]
\openout2 = `Declaration/declaration.aux'.

 (./Declaration/declaration.tex
[4



]) [5

]
\openout2 = `Acknowledgement/acknowledgement.aux'.

 (./Acknowledgement/acknowledgement.tex [6



]) [7

]
\openout2 = `Abstract/abstract.aux'.


(./Abstract/abstract.tex [8



]) [9

] [10


] (./thesis.toc
LaTeX Font Info:    Font shape `T1/ptm/bx/n' in size <12> not available
(Font)              Font shape `T1/ptm/b/n' tried instead on input line 2.
 [11

])
\tf@toc=\write8
\openout8 = `thesis.toc'.

 [12] (./thesis.lof
[13

] [14])
\tf@lof=\write9
\openout9 = `thesis.lof'.

 [15] [16

] (./thesis.lot)
\tf@lot=\write10
\openout10 = `thesis.lot'.

 (./thesis.acr [17] [18

] [19

]
Overfull \hbox (7.88829pt too wide) in paragraph at lines 56--125
[] 
 []

[20]
Overfull \hbox (3.8806pt too wide) in paragraph at lines 125--188
[] 
 []

[21] [22]) [23] [24

]
\openout2 = `Chapter1/chapter1.aux'.

 (./Chapter1/chapter1.tex
Chapter 1.
LaTeX Font Info:    Font shape `OT1/ptm/bx/n' in size <10.95> not available
(Font)              Font shape `OT1/ptm/b/n' tried instead on input line 17.
LaTeX Font Info:    Font shape `OT1/ptm/bx/n' in size <8> not available
(Font)              Font shape `OT1/ptm/b/n' tried instead on input line 17.
LaTeX Font Info:    Font shape `OT1/ptm/bx/n' in size <6> not available
(Font)              Font shape `OT1/ptm/b/n' tried instead on input line 17.
LaTeX Font Info:    Font shape `T1/ptm/bx/n' in size <14.4> not available
(Font)              Font shape `T1/ptm/b/n' tried instead on input line 21.
LaTeX Font Info:    Try loading font information for TS1+ptm on input line 31.
(/usr/local/texlive/2018/texmf-dist/tex/latex/psnfss/ts1ptm.fd
File: ts1ptm.fd 2001/06/04 font definitions for TS1/ptm.
) [1


] [2]
<Chapter1/Figs/PDF/C1_Fig1.pdf, id=724, 439.6425pt x 657.45625pt>
File: Chapter1/Figs/PDF/C1_Fig1.pdf Graphic file (type pdf)
<use Chapter1/Figs/PDF/C1_Fig1.pdf>
Package pdftex.def Info: Chapter1/Figs/PDF/C1_Fig1.pdf  used on input line 71.
(pdftex.def)             Requested size: 349.97023pt x 523.36745pt.
LaTeX Font Info:    Font shape `T1/ptm/bx/n' in size <10> not available
(Font)              Font shape `T1/ptm/b/n' tried instead on input line 73.


LaTeX Warning: Float too large for page by 22.42758pt on input line 75.

[3] [4 <./Chapter1/Figs/PDF/C1_Fig1.pdf>]
<Chapter1/Figs/PDF/C1_Fig2.pdf, id=792, 592.2125pt x 631.35875pt>
File: Chapter1/Figs/PDF/C1_Fig2.pdf Graphic file (type pdf)
<use Chapter1/Figs/PDF/C1_Fig2.pdf>
Package pdftex.def Info: Chapter1/Figs/PDF/C1_Fig2.pdf  used on input line 97.
(pdftex.def)             Requested size: 437.46112pt x 466.38893pt.
 [5] [6 <./Chapter1/Figs/PDF/C1_Fig2.pdf>]
Overfull \hbox (2.56114pt too wide) in paragraph at lines 111--112
[]\T1/ptm/b/n/12 Sirtuins\T1/ptm/m/n/12 (-20) . Sir-tu-ins are a fam-ily of nic
oti-namide ade-nine din-u-cleotide ([][][]NAD$[]$[][])-dependent
 []

[7] [8] [9] [10] [11] [12] [13] [14] [15] [16] [17]
<Chapter1/Figs/PDF/C1_Fig3.pdf, id=1152, 507.8975pt x 529.98pt>
File: Chapter1/Figs/PDF/C1_Fig3.pdf Graphic file (type pdf)
<use Chapter1/Figs/PDF/C1_Fig3.pdf>
Package pdftex.def Info: Chapter1/Figs/PDF/C1_Fig3.pdf  used on input line 260.

(pdftex.def)             Requested size: 437.46112pt x 456.49362pt.
 [18] [19 <./Chapter1/Figs/PDF/C1_Fig3.pdf>]
<Chapter1/Figs/PDF/C1_Fig4.pdf, id=1204, 300.12125pt x 327.2225pt>
File: Chapter1/Figs/PDF/C1_Fig4.pdf Graphic file (type pdf)
<use Chapter1/Figs/PDF/C1_Fig4.pdf>
Package pdftex.def Info: Chapter1/Figs/PDF/C1_Fig4.pdf  used on input line 272.

(pdftex.def)             Requested size: 349.97023pt x 381.60551pt.
 [20] [21 <./Chapter1/Figs/PDF/C1_Fig4.pdf>] [22] [23] [24]
[25] [26] [27]
Underfull \hbox (badness 4156) in paragraph at lines 391--391
[]|\T1/ptm/m/n/12 (+20) Stubbs \T1/ptm/m/it/12 (+20) et al.
 []


Underfull \hbox (badness 5696) in paragraph at lines 391--392
[]|\T1/ptm/m/n/12 (+20) Thompson \T1/ptm/m/it/12 (+20) et
 []


Underfull \hbox (badness 10000) in paragraph at lines 393--393
[]|\T1/ptm/b/n/12 DNA methy-la-tion
 []


Underfull \hbox (badness 10000) in paragraph at lines 393--393
[]|\T1/ptm/m/n/12 (+20) Illumina
 []


Underfull \hbox (badness 10000) in paragraph at lines 393--393
\T1/ptm/m/n/12 (+20) methy-la-tion
 []


Underfull \hbox (badness 10000) in paragraph at lines 393--393
[]|\T1/ptm/m/n/12 (+20) Illumina
 []


Underfull \hbox (badness 10000) in paragraph at lines 393--393
\T1/ptm/m/n/12 (+20) methy-la-tion
 []


Underfull \hbox (badness 10000) in paragraph at lines 397--397
[]|\T1/ptm/m/n/12 (+20) Multi-tissue
 []


Underfull \hbox (badness 10000) in paragraph at lines 397--397
[]|\T1/ptm/m/n/12 (+20) Multi-tissue
 []


Overfull \hbox (7.05104pt too wide) in paragraph at lines 387--409
[][]
 []

[28] [29] [30] [31]) [32] [33]
\openout2 = `Chapter2/chapter2.aux'.

 (./Chapter2/chapter2.tex [34



]
Chapter 2.
[35]
LaTeX Font Info:    Font shape `T1/ptm/bx/n' in size <10.95> not available
(Font)              Font shape `T1/ptm/b/n' tried instead on input line 50.


LaTeX Font Warning: Font shape `U/wasy/bx/n' in size <10.95> not available
(Font)              Font shape `U/wasy/b/n' tried instead on input line 50.


Overfull \hbox (4.42464pt too wide) in paragraph at lines 48--71
[][]
 []

LaTeX Font Info:    Font shape `OT1/ptm/bx/n' in size <10> not available
(Font)              Font shape `OT1/ptm/b/n' tried instead on input line 71.
LaTeX Font Info:    Font shape `OT1/ptm/bx/n' in size <7.4> not available
(Font)              Font shape `OT1/ptm/b/n' tried instead on input line 71.
<Chapter2/Figs/pdf/C2_Fig1.pdf, id=1620, 361.35pt x 361.35pt>
File: Chapter2/Figs/pdf/C2_Fig1.pdf Graphic file (type pdf)
<use Chapter2/Figs/pdf/C2_Fig1.pdf>
Package pdftex.def Info: Chapter2/Figs/pdf/C2_Fig1.pdf  used on input line 78.
(pdftex.def)             Requested size: 262.47934pt x 262.48206pt.
[36] [37] [38 <./Chapter2/Figs/pdf/C2_Fig1.pdf>]
Overfull \hbox (11.64487pt too wide) detected at line 115
[]
 []

[39]
<Chapter2/Figs/pdf/C2_Fig2.pdf, id=1687, 538.14514pt x 824.35959pt>
File: Chapter2/Figs/pdf/C2_Fig2.pdf Graphic file (type pdf)
<use Chapter2/Figs/pdf/C2_Fig2.pdf>
Package pdftex.def Info: Chapter2/Figs/pdf/C2_Fig2.pdf  used on input line 148.

(pdftex.def)             Requested size: 349.97023pt x 536.1167pt.


LaTeX Warning: Float too large for page by 26.02211pt on input line 152.

[40] [41 <./Chapter2/Figs/pdf/C2_Fig2.pdf>]
<Chapter2/Figs/pdf/C2_Fig3.pdf, id=1801, 361.35pt x 361.35pt>
File: Chapter2/Figs/pdf/C2_Fig3.pdf Graphic file (type pdf)
<use Chapter2/Figs/pdf/C2_Fig3.pdf>
Package pdftex.def Info: Chapter2/Figs/pdf/C2_Fig3.pdf  used on input line 181.

(pdftex.def)             Requested size: 349.97023pt x 349.97424pt.
 [42] [43 <./Chapter2/Figs/pdf/C2_Fig3.pdf>] [44] [45] [46]
<Chapter2/Figs/pdf/C2_Fig4.pdf, id=1920, 405.4028pt x 782.5497pt>
File: Chapter2/Figs/pdf/C2_Fig4.pdf Graphic file (type pdf)
<use Chapter2/Figs/pdf/C2_Fig4.pdf>
Package pdftex.def Info: Chapter2/Figs/pdf/C2_Fig4.pdf  used on input line 284.

(pdftex.def)             Requested size: 306.22144pt x 591.13785pt.


LaTeX Warning: Float too large for page by 27.35272pt on input line 287.

<Chapter2/Figs/pdf/C2_Fig5.pdf, id=1925, 722.7pt x 1084.05pt>
File: Chapter2/Figs/pdf/C2_Fig5.pdf Graphic file (type pdf)
<use Chapter2/Figs/pdf/C2_Fig5.pdf>
Package pdftex.def Info: Chapter2/Figs/pdf/C2_Fig5.pdf  used on input line 291.

(pdftex.def)             Requested size: 393.71233pt x 590.57225pt.

LaTeX Warning: Float too large for page by 14.78712pt on input line 294.

[47] [48 <./Chapter2/Figs/pdf/C2_Fig4.pdf>] [49 <./Chapter2/Figs/pdf/C2_Fig5.pd
f>]
<Chapter2/Figs/pdf/C2_Fig6.pdf, id=2009, 722.7pt x 1084.05pt>
File: Chapter2/Figs/pdf/C2_Fig6.pdf Graphic file (type pdf)
<use Chapter2/Figs/pdf/C2_Fig6.pdf>
Package pdftex.def Info: Chapter2/Figs/pdf/C2_Fig6.pdf  used on input line 319.

(pdftex.def)             Requested size: 393.71233pt x 590.57225pt.


LaTeX Warning: Float too large for page by 38.78712pt on input line 322.

[50] [51 <./Chapter2/Figs/pdf/C2_Fig6.pdf>] [52]
<Chapter2/Figs/pdf/C2_Fig7.pdf, id=2072, 574.34528pt x 585.67256pt>
File: Chapter2/Figs/pdf/C2_Fig7.pdf Graphic file (type pdf)
<use Chapter2/Figs/pdf/C2_Fig7.pdf>
Package pdftex.def Info: Chapter2/Figs/pdf/C2_Fig7.pdf  used on input line 367.

(pdftex.def)             Requested size: 437.46112pt x 446.08092pt.
<Chapter2/Figs/pdf/C2_Fig8.pdf, id=2085, 578.16pt x 578.16pt>
File: Chapter2/Figs/pdf/C2_Fig8.pdf Graphic file (type pdf)
<use Chapter2/Figs/pdf/C2_Fig8.pdf>
Package pdftex.def Info: Chapter2/Figs/pdf/C2_Fig8.pdf  used on input line 380.

(pdftex.def)             Requested size: 393.71233pt x 393.7082pt.
 [53] [54 <./Chapter2/Figs/pdf/C2_Fig7.pdf>] [55 <./Chapter2/Figs/pdf/C2_Fig8.p
df>]
<Chapter2/Figs/pdf/C2_Fig9.pdf, id=2188, 361.35pt x 361.35pt>
File: Chapter2/Figs/pdf/C2_Fig9.pdf Graphic file (type pdf)
<use Chapter2/Figs/pdf/C2_Fig9.pdf>
Package pdftex.def Info: Chapter2/Figs/pdf/C2_Fig9.pdf  used on input line 411.

(pdftex.def)             Requested size: 218.73056pt x 218.73045pt.
<Chapter2/Figs/pdf/C2_Fig10.pdf, id=2189, 585.7312pt x 297.07726pt>
File: Chapter2/Figs/pdf/C2_Fig10.pdf Graphic file (type pdf)
<use Chapter2/Figs/pdf/C2_Fig10.pdf>
Package pdftex.def Info: Chapter2/Figs/pdf/C2_Fig10.pdf  used on input line 419
.
(pdftex.def)             Requested size: 437.46112pt x 221.87811pt.
 [56] [57 <./Chapter2/Figs/pdf/C2_Fig9.pdf> <./Chapter2/Figs/pdf/C2_Fig10.pdf>]
 [58] [59]
<Chapter2/Figs/pdf/C2_Fig11.pdf, id=2280, 361.35pt x 361.35pt>
File: Chapter2/Figs/pdf/C2_Fig11.pdf Graphic file (type pdf)
<use Chapter2/Figs/pdf/C2_Fig11.pdf>
Package pdftex.def Info: Chapter2/Figs/pdf/C2_Fig11.pdf  used on input line 491
.
(pdftex.def)             Requested size: 218.73056pt x 218.73045pt.
 [60 <./Chapter2/Figs/pdf/C2_Fig11.pdf>]
Overfull \hbox (17.47958pt too wide) detected at line 537
[]
 []

[61]
<Chapter2/Figs/pdf/C2_Fig12.pdf, id=2312, 593.07283pt x 632.38713pt>
File: Chapter2/Figs/pdf/C2_Fig12.pdf Graphic file (type pdf)
<use Chapter2/Figs/pdf/C2_Fig12.pdf>
Package pdftex.def Info: Chapter2/Figs/pdf/C2_Fig12.pdf  used on input line 563
.
(pdftex.def)             Requested size: 437.46112pt x 466.46349pt.


LaTeX Warning: Float too large for page by 30.8689pt on input line 567.

[62] [63 <./Chapter2/Figs/pdf/C2_Fig12.pdf>] [64]
<Chapter2/Figs/pdf/C2_Fig13.pdf, id=2416, 523.7489pt x 809.42397pt>
File: Chapter2/Figs/pdf/C2_Fig13.pdf Graphic file (type pdf)
<use Chapter2/Figs/pdf/C2_Fig13.pdf>
Package pdftex.def Info: Chapter2/Figs/pdf/C2_Fig13.pdf  used on input line 595
.
(pdftex.def)             Requested size: 349.97023pt x 540.87856pt.


LaTeX Warning: Float too large for page by 90.78397pt on input line 599.

<Chapter2/Figs/pdf/C2_Fig14.pdf, id=2429, 363.387pt x 361.35pt>
File: Chapter2/Figs/pdf/C2_Fig14.pdf Graphic file (type pdf)
<use Chapter2/Figs/pdf/C2_Fig14.pdf>
Package pdftex.def Info: Chapter2/Figs/pdf/C2_Fig14.pdf  used on input line 607
.
(pdftex.def)             Requested size: 306.22144pt x 304.51338pt.
[65] [66 <./Chapter2/Figs/pdf/C2_Fig13.pdf>] [67 <./Chapter2/Figs/pdf/C2_Fig14.
pdf>] [68]
<Chapter2/Figs/pdf/C2_Fig15.pdf, id=2556, 583.66629pt x 616.59975pt>
File: Chapter2/Figs/pdf/C2_Fig15.pdf Graphic file (type pdf)
<use Chapter2/Figs/pdf/C2_Fig15.pdf>
Package pdftex.def Info: Chapter2/Figs/pdf/C2_Fig15.pdf  used on input line 637
.
(pdftex.def)             Requested size: 437.46112pt x 462.14761pt.
LaTeX Font Info:    Font shape `T1/ptm/bx/it' in size <14.4> not available
(Font)              Font shape `T1/ptm/b/it' tried instead on input line 645.
<Chapter2/Figs/pdf/C2_Fig16.pdf, id=2573, 574.48918pt x 623.20996pt>
File: Chapter2/Figs/pdf/C2_Fig16.pdf Graphic file (type pdf)
<use Chapter2/Figs/pdf/C2_Fig16.pdf>
Package pdftex.def Info: Chapter2/Figs/pdf/C2_Fig16.pdf  used on input line 660
.
(pdftex.def)             Requested size: 437.46112pt x 474.57642pt.
 [69] [70 <./Chapter2/Figs/pdf/C2_Fig15.pdf>] [71] [72 <./Chapter2/Figs/pdf/C2_
Fig16.pdf>] [73]) [74]
\openout2 = `Chapter3/chapter3.aux'.

 (./Chapter3/chapter3.tex
Chapter 3.
[75



]
<Chapter3/Figs/PDF/C3_Fig1.pdf, id=2734, 361.35pt x 361.35pt>
File: Chapter3/Figs/PDF/C3_Fig1.pdf Graphic file (type pdf)
<use Chapter3/Figs/PDF/C3_Fig1.pdf>
Package pdftex.def Info: Chapter3/Figs/PDF/C3_Fig1.pdf  used on input line 53.
(pdftex.def)             Requested size: 262.47934pt x 262.48206pt.
<Chapter3/Figs/PDF/C3_Fig2.pdf, id=2735, 963.6pt x 542.025pt>
File: Chapter3/Figs/PDF/C3_Fig2.pdf Graphic file (type pdf)
<use Chapter3/Figs/PDF/C3_Fig2.pdf>
Package pdftex.def Info: Chapter3/Figs/PDF/C3_Fig2.pdf  used on input line 61.
(pdftex.def)             Requested size: 437.46112pt x 246.06763pt.

Underfull \hbox (badness 10000) in paragraph at lines 71--71
[]|\T1/ptm/b/n/10.95 Gene(s)
 []


Underfull \hbox (badness 10000) in paragraph at lines 71--71
[]|\T1/ptm/b/n/10.95 Gene(s)
 []


Underfull \hbox (badness 10000) in paragraph at lines 71--71
[]|\T1/ptm/b/n/10.95 Molecular
 []


Underfull \hbox (badness 10000) in paragraph at lines 71--72
[]|\T1/ptm/b/n/10.95 Age range
 []


Underfull \hbox (badness 10000) in paragraph at lines 73--73
[]|\T1/ptm/m/n/10.95 (+20) Ubiquitin
 []


Underfull \hbox (badness 10000) in paragraph at lines 73--73
\T1/ptm/m/n/10.95 (+20) pro-tein
 []


Underfull \hbox (badness 10000) in paragraph at lines 73--73
[]|\T1/ptm/m/n/10.95 (+20) Imprinting,
 []


Underfull \hbox (badness 10000) in paragraph at lines 77--77
[]|\T1/ptm/m/n/10.95 (+20) Chromatin
 []


Underfull \hbox (badness 10000) in paragraph at lines 79--79
[]|\T1/ptm/m/n/10.95 (+20) H3K4
 []


Underfull \hbox (badness 10000) in paragraph at lines 83--83
[]|\T1/ptm/m/n/10.95 (+20) Chromatin
 []


Underfull \hbox (badness 10000) in paragraph at lines 85--85
[]|\T1/ptm/m/n/10.95 (-9) Translational
 []


Underfull \hbox (badness 10000) in paragraph at lines 85--85
[]|\T1/ptm/m/n/10.95 (+20) Mutation
 []


Underfull \hbox (badness 10000) in paragraph at lines 85--85
\T1/ptm/m/n/10.95 (+20) (CGG
 []


Underfull \hbox (badness 10000) in paragraph at lines 87--87
[]|\T1/ptm/m/n/10.95 (+20) H3K4
 []


Underfull \hbox (badness 10000) in paragraph at lines 87--87
\T1/ptm/m/n/10.95 (+20) methyl-trans-
 []


Underfull \hbox (badness 10000) in paragraph at lines 89--89
[]|\T1/ptm/m/it/10.95 (+20) PTPN11\T1/ptm/m/n/10.95 (+20) ,
 []


Overfull \hbox (8.27678pt too wide) in paragraph at lines 91--91
[]|\T1/ptm/m/n/10.95 (-20) Transcriptional
 []


Overfull \hbox (0.52917pt too wide) in paragraph at lines 93--93
[]|\T1/ptm/m/n/10.95 (-20) Transcription
 []


Underfull \hbox (badness 10000) in paragraph at lines 95--95
[]|\T1/ptm/m/n/10.95 (+20) H3K36
 []


Underfull \hbox (badness 10000) in paragraph at lines 95--95
\T1/ptm/m/n/10.95 (+20) methyl-trans-
 []


Underfull \hbox (badness 10000) in paragraph at lines 97--97
[]|\T1/ptm/m/n/10.95 (+20) H3K27
 []


Underfull \hbox (badness 10000) in paragraph at lines 97--97
\T1/ptm/m/n/10.95 (+20) methyl-trans-
 []


Overfull \hbox (4.42465pt too wide) in paragraph at lines 69--103
[][]
 []

[76] [77 <./Chapter3/Figs/PDF/C3_Fig1.pdf>] [78] [79 <./Chapter3/Figs/PDF/C3_Fi
g2.pdf>]
<Chapter3/Figs/PDF/C3_Fig3.pdf, id=2797, 433.62pt x 578.16pt>
File: Chapter3/Figs/PDF/C3_Fig3.pdf Graphic file (type pdf)
<use Chapter3/Figs/PDF/C3_Fig3.pdf>
Package pdftex.def Info: Chapter3/Figs/PDF/C3_Fig3.pdf  used on input line 127.

(pdftex.def)             Requested size: 437.46112pt x 583.31062pt.


LaTeX Warning: Float too large for page by 43.5255pt on input line 130.

[80] [81 <./Chapter3/Figs/PDF/C3_Fig3.pdf>]
<Chapter3/Figs/PDF/C3_Fig4.pdf, id=2820, 334.90477pt x 375.52046pt>
File: Chapter3/Figs/PDF/C3_Fig4.pdf Graphic file (type pdf)
<use Chapter3/Figs/PDF/C3_Fig4.pdf>
Package pdftex.def Info: Chapter3/Figs/PDF/C3_Fig4.pdf  used on input line 140.

(pdftex.def)             Requested size: 437.46112pt x 490.55447pt.


LaTeX Warning: Float too large for page by 22.76935pt on input line 143.

[82] [83 <./Chapter3/Figs/PDF/C3_Fig4.pdf>]
<Chapter3/Figs/PDF/C3_Fig5.pdf, id=2908, 583.89731pt x 604.10942pt>
File: Chapter3/Figs/PDF/C3_Fig5.pdf Graphic file (type pdf)
<use Chapter3/Figs/PDF/C3_Fig5.pdf>
Package pdftex.def Info: Chapter3/Figs/PDF/C3_Fig5.pdf  used on input line 162.

(pdftex.def)             Requested size: 437.46112pt x 452.62006pt.


LaTeX Warning: Float too large for page by 92.83493pt on input line 165.

[84] [85 <./Chapter3/Figs/PDF/C3_Fig5.pdf>]
<Chapter3/Figs/PDF/C3_Fig6.pdf, id=3021, 586.19pt x 757.09755pt>
File: Chapter3/Figs/PDF/C3_Fig6.pdf Graphic file (type pdf)
<use Chapter3/Figs/PDF/C3_Fig6.pdf>
Package pdftex.def Info: Chapter3/Figs/PDF/C3_Fig6.pdf  used on input line 186.

(pdftex.def)             Requested size: 437.46112pt x 565.00299pt.


LaTeX Warning: Float too large for page by 78.56313pt on input line 190.

<Chapter3/Figs/PDF/C3_Fig7.pdf, id=3029, 441.01717pt x 447.71771pt>
File: Chapter3/Figs/PDF/C3_Fig7.pdf Graphic file (type pdf)
<use Chapter3/Figs/PDF/C3_Fig7.pdf>
Package pdftex.def Info: Chapter3/Figs/PDF/C3_Fig7.pdf  used on input line 206.

(pdftex.def)             Requested size: 437.46112pt x 444.12318pt.
[86] [87 <./Chapter3/Figs/PDF/C3_Fig6.pdf>] [88 <./Chapter3/Figs/PDF/C3_Fig7.pd
f>] [89] [90]
<Chapter3/Figs/PDF/C3_Fig8.pdf, id=3220, 470.3208pt x 318.10773pt>
File: Chapter3/Figs/PDF/C3_Fig8.pdf Graphic file (type pdf)
<use Chapter3/Figs/PDF/C3_Fig8.pdf>
Package pdftex.def Info: Chapter3/Figs/PDF/C3_Fig8.pdf  used on input line 242.

(pdftex.def)             Requested size: 437.46112pt x 295.88565pt.
 [91 <./Chapter3/Figs/PDF/C3_Fig8.pdf>] [92] [93] [94]
Overfull \hbox (44.70471pt too wide) detected at line 298
[]
 []

[95] [96]
LaTeX Font Info:    Font shape `OT1/ptm/bx/n' in size <14.4> not available
(Font)              Font shape `OT1/ptm/b/n' tried instead on input line 345.
) [97]
\openout2 = `Chapter4/chapter4.aux'.

 (./Chapter4/chapter4.tex [98



]
Chapter 4.
[99] [100]
<Chapter4/Figs/pdf/C4_Fig1.pdf, id=4783, 578.1864pt x 272.83186pt>
File: Chapter4/Figs/pdf/C4_Fig1.pdf Graphic file (type pdf)
<use Chapter4/Figs/pdf/C4_Fig1.pdf>
Package pdftex.def Info: Chapter4/Figs/pdf/C4_Fig1.pdf  used on input line 63.
(pdftex.def)             Requested size: 437.46112pt x 206.43433pt.
<Chapter4/Figs/pdf/C4_Fig2.pdf, id=4786, 288.27661pt x 343.26396pt>
File: Chapter4/Figs/pdf/C4_Fig2.pdf Graphic file (type pdf)
<use Chapter4/Figs/pdf/C4_Fig2.pdf>
Package pdftex.def Info: Chapter4/Figs/pdf/C4_Fig2.pdf  used on input line 72.
(pdftex.def)             Requested size: 403.5845pt x 480.56627pt.


LaTeX Warning: Float too large for page by 57.31696pt on input line 76.

[101] [102 <./Chapter4/Figs/pdf/C4_Fig1.pdf>] [103 <./Chapter4/Figs/pdf/C4_Fig2
.pdf>]
Overfull \hbox (2.0683pt too wide) in paragraph at lines 88--88
[]\T1/ptm/b/n/17.28 cuRRBS: cus-tomised Re-duced Rep-re-sen-ta-tion Bisul-fite
 []

[104] [105]
<Chapter4/Figs/pdf/C4_Fig3.pdf, id=4914, 289.28848pt x 331.91786pt>
File: Chapter4/Figs/pdf/C4_Fig3.pdf Graphic file (type pdf)
<use Chapter4/Figs/pdf/C4_Fig3.pdf>
Package pdftex.def Info: Chapter4/Figs/pdf/C4_Fig3.pdf  used on input line 161.

(pdftex.def)             Requested size: 393.71233pt x 451.73659pt.


LaTeX Warning: Float too large for page by 91.95146pt on input line 165.

[106] [107 <./Chapter4/Figs/pdf/C4_Fig3.pdf>]
<Chapter4/Figs/pdf/C4_Fig4.pdf, id=5024, 722.7pt x 722.7pt>
File: Chapter4/Figs/pdf/C4_Fig4.pdf Graphic file (type pdf)
<use Chapter4/Figs/pdf/C4_Fig4.pdf>
Package pdftex.def Info: Chapter4/Figs/pdf/C4_Fig4.pdf  used on input line 189.

(pdftex.def)             Requested size: 218.73056pt x 218.73045pt.
 [108] [109 <./Chapter4/Figs/pdf/C4_Fig4.pdf>]
<Chapter4/Figs/pdf/C4_Fig5.pdf, id=5068, 580.45427pt x 651.83675pt>
File: Chapter4/Figs/pdf/C4_Fig5.pdf Graphic file (type pdf)
<use Chapter4/Figs/pdf/C4_Fig5.pdf>
Package pdftex.def Info: Chapter4/Figs/pdf/C4_Fig5.pdf  used on input line 214.

(pdftex.def)             Requested size: 437.46112pt x 491.26344pt.


LaTeX Warning: Float too large for page by 55.66885pt on input line 218.

[110] [111 <./Chapter4/Figs/pdf/C4_Fig5.pdf>] [112]
Overfull \hbox (6.21454pt too wide) in paragraph at lines 277--277
[]|\T1/ptm/b/n/10.95 Default| 
 []


Overfull \hbox (8.87743pt too wide) in paragraph at lines 275--303
[][]
 []

[113] [114] [115] [116] [117]) [118]
\openout2 = `Chapter5/chapter5.aux'.

 (./Chapter5/chapter5.tex
Chapter 5.
[119



] [120]
LaTeX Font Info:    Font shape `T1/ptm/bx/it' in size <12> not available
(Font)              Font shape `T1/ptm/b/it' tried instead on input line 57.
 [121] [122]) [123] [124]
\openout2 = `Appendix/appendix.aux'.

 (./Appendix/appendix.tex
Appendix .
<Appendix/Figs/pdf/SC2_Fig1.pdf, id=5358, 588.20087pt x 654.58383pt>
File: Appendix/Figs/pdf/SC2_Fig1.pdf Graphic file (type pdf)
<use Appendix/Figs/pdf/SC2_Fig1.pdf>
Package pdftex.def Info: Appendix/Figs/pdf/SC2_Fig1.pdf  used on input line 22.

(pdftex.def)             Requested size: 271.22375pt x 301.83136pt.
<Appendix/Figs/pdf/SC2_Fig2.pdf, id=5359, 361.35pt x 361.35pt>
File: Appendix/Figs/pdf/SC2_Fig2.pdf Graphic file (type pdf)
<use Appendix/Figs/pdf/SC2_Fig2.pdf>
Package pdftex.def Info: Appendix/Figs/pdf/SC2_Fig2.pdf  used on input line 29.

(pdftex.def)             Requested size: 218.73056pt x 218.73045pt.
<Appendix/Figs/pdf/SC2_Fig3.pdf, id=5362, 361.35pt x 361.35pt>
File: Appendix/Figs/pdf/SC2_Fig3.pdf Graphic file (type pdf)
<use Appendix/Figs/pdf/SC2_Fig3.pdf>
Package pdftex.def Info: Appendix/Figs/pdf/SC2_Fig3.pdf  used on input line 36.

(pdftex.def)             Requested size: 218.73056pt x 218.73045pt.
<Appendix/Figs/pdf/SC2_Fig4.pdf, id=5365, 444.01913pt x 425.4279pt>
File: Appendix/Figs/pdf/SC2_Fig4.pdf Graphic file (type pdf)
<use Appendix/Figs/pdf/SC2_Fig4.pdf>
Package pdftex.def Info: Appendix/Figs/pdf/SC2_Fig4.pdf  used on input line 43.

(pdftex.def)             Requested size: 437.46112pt x 419.15607pt.
<Appendix/Figs/pdf/SC2_Fig5.pdf, id=5384, 542.025pt x 505.89pt>
File: Appendix/Figs/pdf/SC2_Fig5.pdf Graphic file (type pdf)
<use Appendix/Figs/pdf/SC2_Fig5.pdf>
Package pdftex.def Info: Appendix/Figs/pdf/SC2_Fig5.pdf  used on input line 50.

(pdftex.def)             Requested size: 437.46112pt x 408.30971pt.
<Appendix/Figs/pdf/SC2_Fig6_1.pdf, id=5389, 453.72153pt x 705.08842pt>
File: Appendix/Figs/pdf/SC2_Fig6_1.pdf Graphic file (type pdf)
<use Appendix/Figs/pdf/SC2_Fig6_1.pdf>
Package pdftex.def Info: Appendix/Figs/pdf/SC2_Fig6_1.pdf  used on input line 5
7.
(pdftex.def)             Requested size: 437.46112pt x 679.81435pt.

LaTeX Warning: Float too large for page by 46.02922pt on input line 58.

<Appendix/Figs/pdf/SC2_Fig6_2.pdf, id=5390, 452.4824pt x 699.06354pt>
File: Appendix/Figs/pdf/SC2_Fig6_2.pdf Graphic file (type pdf)
<use Appendix/Figs/pdf/SC2_Fig6_2.pdf>
Package pdftex.def Info: Appendix/Figs/pdf/SC2_Fig6_2.pdf  used on input line 6
1.
(pdftex.def)             Requested size: 437.46112pt x 675.87212pt.

LaTeX Warning: Float too large for page by 42.08699pt on input line 62.

<Appendix/Figs/pdf/SC2_Fig6_3.pdf, id=5391, 452.10619pt x 141.3261pt>
File: Appendix/Figs/pdf/SC2_Fig6_3.pdf Graphic file (type pdf)
<use Appendix/Figs/pdf/SC2_Fig6_3.pdf>
Package pdftex.def Info: Appendix/Figs/pdf/SC2_Fig6_3.pdf  used on input line 6
5.
(pdftex.def)             Requested size: 437.46112pt x 136.74973pt.
<Appendix/Figs/pdf/SC2_Fig7.pdf, id=5394, 433.62pt x 361.35pt>
File: Appendix/Figs/pdf/SC2_Fig7.pdf Graphic file (type pdf)
<use Appendix/Figs/pdf/SC2_Fig7.pdf>
Package pdftex.def Info: Appendix/Figs/pdf/SC2_Fig7.pdf  used on input line 73.

(pdftex.def)             Requested size: 349.97023pt x 291.65532pt.
<Appendix/Figs/pdf/SC2_Fig8.pdf, id=5401, 449.68pt x 601.76797pt>
File: Appendix/Figs/pdf/SC2_Fig8.pdf Graphic file (type pdf)
<use Appendix/Figs/pdf/SC2_Fig8.pdf>
Package pdftex.def Info: Appendix/Figs/pdf/SC2_Fig8.pdf  used on input line 80.

(pdftex.def)             Requested size: 393.71233pt x 526.8946pt.
<Appendix/Figs/pdf/SC2_Fig9.pdf, id=5404, 433.62pt x 361.35pt>
File: Appendix/Figs/pdf/SC2_Fig9.pdf Graphic file (type pdf)
<use Appendix/Figs/pdf/SC2_Fig9.pdf>
Package pdftex.def Info: Appendix/Figs/pdf/SC2_Fig9.pdf  used on input line 87.

(pdftex.def)             Requested size: 306.22144pt x 255.1984pt.
<Appendix/Figs/pdf/SC2_Fig10.pdf, id=5407, 361.35pt x 361.35pt>
File: Appendix/Figs/pdf/SC2_Fig10.pdf Graphic file (type pdf)
<use Appendix/Figs/pdf/SC2_Fig10.pdf>
Package pdftex.def Info: Appendix/Figs/pdf/SC2_Fig10.pdf  used on input line 95
.
(pdftex.def)             Requested size: 218.73056pt x 218.73045pt.
[125



 <./Appendix/Figs/pdf/SC2_Fig1.pdf>] [126 <./Appendix/Figs/pdf/SC2_Fig2.pdf> <.
/Appendix/Figs/pdf/SC2_Fig3.pdf>] [127 <./Appendix/Figs/pdf/SC2_Fig4.pdf>]
[128 <./Appendix/Figs/pdf/SC2_Fig5.pdf>] [129 <./Appendix/Figs/pdf/SC2_Fig6_1.p
df>] [130 <./Appendix/Figs/pdf/SC2_Fig6_2.pdf>] [131 <./Appendix/Figs/pdf/SC2_F
ig6_3.pdf> <./Appendix/Figs/pdf/SC2_Fig7.pdf>] [132 <./Appendix/Figs/pdf/SC2_Fi
g8.pdf>] [133 <./Appendix/Figs/pdf/SC2_Fig9.pdf> <./Appendix/Figs/pdf/SC2_Fig10
.pdf>]
Overfull \hbox (4.42464pt too wide) in paragraph at lines 112--131
 [][] 
 []

[134

]
<Appendix/Figs/pdf/SC3_Fig1_1.pdf, id=5661, 493.25117pt x 698.6007pt>
File: Appendix/Figs/pdf/SC3_Fig1_1.pdf Graphic file (type pdf)
<use Appendix/Figs/pdf/SC3_Fig1_1.pdf>
Package pdftex.def Info: Appendix/Figs/pdf/SC3_Fig1_1.pdf  used on input line 1
42.
(pdftex.def)             Requested size: 437.46112pt x 619.62071pt.
<Appendix/Figs/pdf/SC3_Fig1_2.pdf, id=5662, 490.37083pt x 699.5966pt>
File: Appendix/Figs/pdf/SC3_Fig1_2.pdf Graphic file (type pdf)
<use Appendix/Figs/pdf/SC3_Fig1_2.pdf>
Package pdftex.def Info: Appendix/Figs/pdf/SC3_Fig1_2.pdf  used on input line 1
46.
(pdftex.def)             Requested size: 437.46112pt x 624.1442pt.
<Appendix/Figs/pdf/SC3_Fig1_3.pdf, id=5663, 490.83847pt x 699.44693pt>
File: Appendix/Figs/pdf/SC3_Fig1_3.pdf Graphic file (type pdf)
<use Appendix/Figs/pdf/SC3_Fig1_3.pdf>
Package pdftex.def Info: Appendix/Figs/pdf/SC3_Fig1_3.pdf  used on input line 1
50.
(pdftex.def)             Requested size: 437.46112pt x 623.413pt.
<Appendix/Figs/pdf/SC3_Fig1_4.pdf, id=5664, 491.4042pt x 693.77522pt>
File: Appendix/Figs/pdf/SC3_Fig1_4.pdf Graphic file (type pdf)
<use Appendix/Figs/pdf/SC3_Fig1_4.pdf>
Package pdftex.def Info: Appendix/Figs/pdf/SC3_Fig1_4.pdf  used on input line 1
54.
(pdftex.def)             Requested size: 437.46112pt x 617.64856pt.
<Appendix/Figs/pdf/SC3_Fig1_5.pdf, id=5665, 492.49838pt x 698.08632pt>
File: Appendix/Figs/pdf/SC3_Fig1_5.pdf Graphic file (type pdf)
<use Appendix/Figs/pdf/SC3_Fig1_5.pdf>
Package pdftex.def Info: Appendix/Figs/pdf/SC3_Fig1_5.pdf  used on input line 1
58.
(pdftex.def)             Requested size: 437.46112pt x 620.10185pt.
<Appendix/Figs/pdf/SC3_Fig1_6.pdf, id=5666, 492.23651pt x 704.23502pt>
File: Appendix/Figs/pdf/SC3_Fig1_6.pdf Graphic file (type pdf)
<use Appendix/Figs/pdf/SC3_Fig1_6.pdf>
Package pdftex.def Info: Appendix/Figs/pdf/SC3_Fig1_6.pdf  used on input line 1
62.
(pdftex.def)             Requested size: 437.46112pt x 625.88605pt.
<Appendix/Figs/pdf/SC3_Fig1_7.pdf, id=5667, 490.9413pt x 703.0193pt>
File: Appendix/Figs/pdf/SC3_Fig1_7.pdf Graphic file (type pdf)
<use Appendix/Figs/pdf/SC3_Fig1_7.pdf>
Package pdftex.def Info: Appendix/Figs/pdf/SC3_Fig1_7.pdf  used on input line 1
66.
(pdftex.def)             Requested size: 437.46112pt x 626.43613pt.
<Appendix/Figs/pdf/SC3_Fig1_8.pdf, id=5668, 491.67075pt x 690.66577pt>
File: Appendix/Figs/pdf/SC3_Fig1_8.pdf Graphic file (type pdf)
<use Appendix/Figs/pdf/SC3_Fig1_8.pdf>
Package pdftex.def Info: Appendix/Figs/pdf/SC3_Fig1_8.pdf  used on input line 1
70.
(pdftex.def)             Requested size: 437.46112pt x 614.52199pt.
<Appendix/Figs/pdf/SC3_Fig1_9.pdf, id=5669, 491.18213pt x 518.88643pt>
File: Appendix/Figs/pdf/SC3_Fig1_9.pdf Graphic file (type pdf)
<use Appendix/Figs/pdf/SC3_Fig1_9.pdf>
Package pdftex.def Info: Appendix/Figs/pdf/SC3_Fig1_9.pdf  used on input line 1
75.
(pdftex.def)             Requested size: 437.46112pt x 462.15582pt.
<Appendix/Figs/pdf/SC3_Fig2.pdf, id=5676, 975.645pt x 1300.86pt>
File: Appendix/Figs/pdf/SC3_Fig2.pdf Graphic file (type pdf)
<use Appendix/Figs/pdf/SC3_Fig2.pdf>
Package pdftex.def Info: Appendix/Figs/pdf/SC3_Fig2.pdf  used on input line 182
.
(pdftex.def)             Requested size: 437.46112pt x 583.27756pt.


LaTeX Warning: Float too large for page by 31.49243pt on input line 185.

<Appendix/Figs/pdf/SC3_Fig3_1.pdf, id=5683, 867.24pt x 1156.32pt>
File: Appendix/Figs/pdf/SC3_Fig3_1.pdf Graphic file (type pdf)
<use Appendix/Figs/pdf/SC3_Fig3_1.pdf>
Package pdftex.def Info: Appendix/Figs/pdf/SC3_Fig3_1.pdf  used on input line 1
89.
(pdftex.def)             Requested size: 437.46112pt x 583.29298pt.
<Appendix/Figs/pdf/SC3_Fig3_2.pdf, id=5684, 867.24pt x 1156.32pt>
File: Appendix/Figs/pdf/SC3_Fig3_2.pdf Graphic file (type pdf)
<use Appendix/Figs/pdf/SC3_Fig3_2.pdf>
Package pdftex.def Info: Appendix/Figs/pdf/SC3_Fig3_2.pdf  used on input line 1
93.
(pdftex.def)             Requested size: 437.46112pt x 583.29298pt.
<Appendix/Figs/pdf/SC3_Fig3_3.pdf, id=5685, 867.24pt x 1156.32pt>
File: Appendix/Figs/pdf/SC3_Fig3_3.pdf Graphic file (type pdf)
<use Appendix/Figs/pdf/SC3_Fig3_3.pdf>
Package pdftex.def Info: Appendix/Figs/pdf/SC3_Fig3_3.pdf  used on input line 1
97.
(pdftex.def)             Requested size: 437.46112pt x 583.29298pt.

LaTeX Warning: Float too large for page by 55.50786pt on input line 200.

<Appendix/Figs/pdf/SC3_Fig4.pdf, id=5686, 722.7pt x 722.7pt>
File: Appendix/Figs/pdf/SC3_Fig4.pdf Graphic file (type pdf)
<use Appendix/Figs/pdf/SC3_Fig4.pdf>
Package pdftex.def Info: Appendix/Figs/pdf/SC3_Fig4.pdf  used on input line 204
.
(pdftex.def)             Requested size: 481.2099pt x 481.207pt.

Overfull \hbox (43.74878pt too wide) in paragraph at lines 204--206
 [][] 
 []

<Appendix/Figs/pdf/SC3_Fig5.pdf, id=5689, 1373.13pt x 1445.4pt>
File: Appendix/Figs/pdf/SC3_Fig5.pdf Graphic file (type pdf)
<use Appendix/Figs/pdf/SC3_Fig5.pdf>
Package pdftex.def Info: Appendix/Figs/pdf/SC3_Fig5.pdf  used on input line 212
.
(pdftex.def)             Requested size: 437.46112pt x 460.46428pt.
<Appendix/Figs/pdf/SC3_Fig6.pdf, id=5700, 722.7pt x 578.16pt>
File: Appendix/Figs/pdf/SC3_Fig6.pdf Graphic file (type pdf)
<use Appendix/Figs/pdf/SC3_Fig6.pdf>
Package pdftex.def Info: Appendix/Figs/pdf/SC3_Fig6.pdf  used on input line 219
.
(pdftex.def)             Requested size: 437.46112pt x 349.96873pt.
<Appendix/Figs/pdf/SC3_Fig7.pdf, id=5703, 722.7pt x 578.16pt>
File: Appendix/Figs/pdf/SC3_Fig7.pdf Graphic file (type pdf)
<use Appendix/Figs/pdf/SC3_Fig7.pdf>
Package pdftex.def Info: Appendix/Figs/pdf/SC3_Fig7.pdf  used on input line 227
.
(pdftex.def)             Requested size: 437.46112pt x 349.96873pt.
<Appendix/Figs/pdf/SC3_Fig8.pdf, id=5706, 1300.86pt x 1445.4pt>
File: Appendix/Figs/pdf/SC3_Fig8.pdf Graphic file (type pdf)
<use Appendix/Figs/pdf/SC3_Fig8.pdf>
Package pdftex.def Info: Appendix/Figs/pdf/SC3_Fig8.pdf  used on input line 234
.
(pdftex.def)             Requested size: 437.46112pt x 486.07014pt.
<Appendix/Figs/pdf/SC3_Fig9.pdf, id=5709, 585.73112pt x 265.93852pt>
File: Appendix/Figs/pdf/SC3_Fig9.pdf Graphic file (type pdf)
<use Appendix/Figs/pdf/SC3_Fig9.pdf>
Package pdftex.def Info: Appendix/Figs/pdf/SC3_Fig9.pdf  used on input line 241
.
(pdftex.def)             Requested size: 437.46112pt x 198.62152pt.
<Appendix/Figs/pdf/SC3_Fig10.pdf, id=5714, 361.35pt x 361.35pt>
File: Appendix/Figs/pdf/SC3_Fig10.pdf Graphic file (type pdf)
<use Appendix/Figs/pdf/SC3_Fig10.pdf>
Package pdftex.def Info: Appendix/Figs/pdf/SC3_Fig10.pdf  used on input line 24
8.
(pdftex.def)             Requested size: 218.73056pt x 218.73045pt.
<Appendix/Figs/pdf/SC3_Fig11.pdf, id=5715, 442.01195pt x 503.84898pt>
File: Appendix/Figs/pdf/SC3_Fig11.pdf Graphic file (type pdf)
<use Appendix/Figs/pdf/SC3_Fig11.pdf>
Package pdftex.def Info: Appendix/Figs/pdf/SC3_Fig11.pdf  used on input line 25
7.
(pdftex.def)             Requested size: 437.46112pt x 498.67365pt.
[135

 <./Appendix/Figs/pdf/SC3_Fig1_1.pdf>] [136 <./Appendix/Figs/pdf/SC3_Fig1_2.pdf
>] [137 <./Appendix/Figs/pdf/SC3_Fig1_3.pdf>] [138 <./Appendix/Figs/pdf/SC3_Fig
1_4.pdf>] [139 <./Appendix/Figs/pdf/SC3_Fig1_5.pdf>] [140 <./Appendix/Figs/pdf/
SC3_Fig1_6.pdf>] [141 <./Appendix/Figs/pdf/SC3_Fig1_7.pdf>] [142 <./Appendix/Fi
gs/pdf/SC3_Fig1_8.pdf>] [143 <./Appendix/Figs/pdf/SC3_Fig1_9.pdf>] [144 <./Appe
ndix/Figs/pdf/SC3_Fig2.pdf>] [145 <./Appendix/Figs/pdf/SC3_Fig3_1.pdf>]
[146 <./Appendix/Figs/pdf/SC3_Fig3_2.pdf>] [147 <./Appendix/Figs/pdf/SC3_Fig3_3
.pdf>] [148 <./Appendix/Figs/pdf/SC3_Fig4.pdf>] [149 <./Appendix/Figs/pdf/SC3_F
ig5.pdf>] [150 <./Appendix/Figs/pdf/SC3_Fig6.pdf>] [151 <./Appendix/Figs/pdf/SC
3_Fig7.pdf>] [152 <./Appendix/Figs/pdf/SC3_Fig8.pdf>] [153 <./Appendix/Figs/pdf
/SC3_Fig9.pdf> <./Appendix/Figs/pdf/SC3_Fig10.pdf>] [154 <./Appendix/Figs/pdf/S
C3_Fig11.pdf>]
<Appendix/Figs/pdf/SC4_Fig1.pdf, id=6224, 722.7pt x 722.7pt>
File: Appendix/Figs/pdf/SC4_Fig1.pdf Graphic file (type pdf)
<use Appendix/Figs/pdf/SC4_Fig1.pdf>
Package pdftex.def Info: Appendix/Figs/pdf/SC4_Fig1.pdf  used on input line 273
.
(pdftex.def)             Requested size: 306.22144pt x 306.22264pt.
<Appendix/Figs/pdf/SC4_Fig2.pdf, id=6227, 1011.78pt x 722.7pt>
File: Appendix/Figs/pdf/SC4_Fig2.pdf Graphic file (type pdf)
<use Appendix/Figs/pdf/SC4_Fig2.pdf>
Package pdftex.def Info: Appendix/Figs/pdf/SC4_Fig2.pdf  used on input line 280
.
(pdftex.def)             Requested size: 437.46112pt x 312.47522pt.
<Appendix/Figs/pdf/SC4_Fig3.pdf, id=6228, 504.15317pt x 329.51555pt>
File: Appendix/Figs/pdf/SC4_Fig3.pdf Graphic file (type pdf)
<use Appendix/Figs/pdf/SC4_Fig3.pdf>
Package pdftex.def Info: Appendix/Figs/pdf/SC4_Fig3.pdf  used on input line 287
.
(pdftex.def)             Requested size: 437.46112pt x 285.93707pt.
<Appendix/Figs/pdf/SC4_Fig4.pdf, id=6229, 566.19899pt x 684.85378pt>
File: Appendix/Figs/pdf/SC4_Fig4.pdf Graphic file (type pdf)
<use Appendix/Figs/pdf/SC4_Fig4.pdf>
Package pdftex.def Info: Appendix/Figs/pdf/SC4_Fig4.pdf  used on input line 294
.
(pdftex.def)             Requested size: 437.46112pt x 529.13643pt.


LaTeX Warning: Float too large for page by 78.69656pt on input line 298.

<Appendix/Figs/pdf/SC4_Fig5.pdf, id=6242, 493.1552pt x 500.50256pt>
File: Appendix/Figs/pdf/SC4_Fig5.pdf Graphic file (type pdf)
<use Appendix/Figs/pdf/SC4_Fig5.pdf>
Package pdftex.def Info: Appendix/Figs/pdf/SC4_Fig5.pdf  used on input line 302
.
(pdftex.def)             Requested size: 437.46112pt x 444.00247pt.
<Appendix/Figs/pdf/SC4_Fig6.pdf, id=6249, 590.09032pt x 306.46857pt>
File: Appendix/Figs/pdf/SC4_Fig6.pdf Graphic file (type pdf)
<use Appendix/Figs/pdf/SC4_Fig6.pdf>
Package pdftex.def Info: Appendix/Figs/pdf/SC4_Fig6.pdf  used on input line 309
.
(pdftex.def)             Requested size: 437.46112pt x 227.20872pt.
<Appendix/Figs/pdf/SC4_Fig7.pdf, id=6254, 588.36958pt x 626.19254pt>
File: Appendix/Figs/pdf/SC4_Fig7.pdf Graphic file (type pdf)
<use Appendix/Figs/pdf/SC4_Fig7.pdf>
Package pdftex.def Info: Appendix/Figs/pdf/SC4_Fig7.pdf  used on input line 317
.
(pdftex.def)             Requested size: 349.97023pt x 372.4793pt.
) [155

 <./Appendix/Figs/pdf/SC4_Fig1.pdf>] [156 <./Appendix/Figs/pdf/SC4_Fig2.pdf>] [
157 <./Appendix/Figs/pdf/SC4_Fig3.pdf>] [158 <./Appendix/Figs/pdf/SC4_Fig4.pdf>
] [159 <./Appendix/Figs/pdf/SC4_Fig5.pdf>] [160 <./Appendix/Figs/pdf/SC4_Fig6.p
df>] [161 <./Appendix/Figs/pdf/SC4_Fig7.pdf>] [162


] (./thesis.bbl
[163

] [164] [165] [166] [167] [168] [169] [170] [171] [172] [173] [174]
[175]
Underfull \hbox (badness 1371) in paragraph at lines 1011--1015
[]\T1/ptm/m/n/12 (+20) Skirmantas Kri-au-cio-nis and Nathaniel Heintz.  The Nu-
clear DNA Base 5-
 []

[176] [177] [178] [179] [180]
Overfull \hbox (0.6804pt too wide) in paragraph at lines 1344--1348
\T1/ptm/m/n/12 (-20) age-associated hypermethylation and gene expression change
s.  \T1/ptm/m/it/12 (-20) Epigenetics\T1/ptm/m/n/12 (-20) , 10(6):484--
 []

[181] [182] [183] [184] [185] [186] [187] [188] [189] [190] [191] [192]
Underfull \hbox (badness 10000) in paragraph at lines 2307--2311
[]\T1/ptm/m/n/12 (+20) Steve Hor-vath.  FAQs DNA-m-Age on-line cal-cu-la-tor:
 []

[193] [194] [195] [196] [197] [198] [199]
Underfull \hbox (badness 10000) in paragraph at lines 2752--2756
[]\T1/ptm/m/n/12 (+20) NIH Roadmap Epige-nomics Map-ping Con-sor-tium.
 []


Underfull \hbox (badness 10000) in paragraph at lines 2752--2756
\T1/ptm/m/n/12 (+20) Roadmap Epige-nomics Chro-matin State Model: raw data.
 []


Overfull \hbox (21.6609pt too wide) in paragraph at lines 2752--2756
\T1/ptm/m/n/12 (-20) https://egg2.wustl.edu/roadmap/data/byFileType/chromhmmSeg
mentations/ChmmModels/
 []


Underfull \hbox (badness 10000) in paragraph at lines 2758--2762
[]\T1/ptm/m/n/12 (+20) NIH Roadmap Epige-nomics Map-ping Con-sor-tium.  Roadmap

 []


Underfull \hbox (badness 10000) in paragraph at lines 2758--2762
\T1/ptm/m/n/12 (+20) Epige-nomics Chro-matin State Model: emis-sion pa-ram-e-te
rs.
 []


Overfull \hbox (21.6609pt too wide) in paragraph at lines 2758--2762
\T1/ptm/m/n/12 (-20) https://egg2.wustl.edu/roadmap/data/byFileType/chromhmmSeg
mentations/ChmmModels/
 []

[200] [201] [202] [203] [204] [205] [206] [207]
Underfull \hbox (badness 1472) in paragraph at lines 3286--3289
[]\T1/ptm/m/n/12 (+20) Richard J Roberts, Tamas Vincze, Janos Pos-fai, and Dana
 Macelis.  RE-
 []

[208] [209])
Package atveryend Info: Empty hook `BeforeClearDocument' on input line 155.
 [210]
Package atveryend Info: Empty hook `AfterLastShipout' on input line 155.
 (./thesis.aux (./Dedication/dedication.aux)
(./Declaration/declaration.aux) (./Acknowledgement/acknowledgement.aux)
(./Abstract/abstract.aux) (./Chapter1/chapter1.aux) (./Chapter2/chapter2.aux)
(./Chapter3/chapter3.aux) (./Chapter4/chapter4.aux) (./Chapter5/chapter5.aux)
(./Appendix/appendix.aux))
Package atveryend Info: Executing hook `AtVeryEndDocument' on input line 155.
Package atveryend Info: Executing hook `AtEndAfterFileList' on input line 155.
Package rerunfilecheck Info: File `thesis.out' has not changed.
(rerunfilecheck)             Checksum: 5CD2416B6308E9F63BB9069F456153D2;14663.
 ) 
Here is how much of TeX's memory you used:
 39290 strings out of 492649
 696356 string characters out of 6129622
 804420 words of memory out of 5000000
 40957 multiletter control sequences out of 15000+600000
 667254 words of font info for 552 fonts, out of 8000000 for 9000
 1141 hyphenation exceptions out of 8191
 55i,16n,92p,10383b,2658s stack positions out of 5000i,500n,10000p,200000b,80000s
{/usr/local/texlive/2018/texmf-dist/fonts/enc/dvips/base/8r.enc}</usr/local/t
exlive/2018/texmf-dist/fonts/type1/public/amsfonts/cm/cmex10.pfb></usr/local/te
xlive/2018/texmf-dist/fonts/type1/public/amsfonts/cm/cmmi10.pfb></usr/local/tex
live/2018/texmf-dist/fonts/type1/public/amsfonts/cm/cmr10.pfb></usr/local/texli
ve/2018/texmf-dist/fonts/type1/public/amsfonts/cm/cmsy10.pfb></usr/local/texliv
e/2018/texmf-dist/fonts/type1/public/amsfonts/symbols/msbm10.pfb></usr/local/te
xlive/2018/texmf-dist/fonts/type1/urw/symbol/usyr.pfb></usr/local/texlive/2018/
texmf-dist/fonts/type1/urw/symbol/usyr.pfb></usr/local/texlive/2018/texmf-dist/
fonts/type1/urw/times/utmb8a.pfb></usr/local/texlive/2018/texmf-dist/fonts/type
1/urw/times/utmbi8a.pfb></usr/local/texlive/2018/texmf-dist/fonts/type1/urw/tim
es/utmr8a.pfb></usr/local/texlive/2018/texmf-dist/fonts/type1/urw/times/utmri8a
.pfb></usr/local/texlive/2018/texmf-dist/fonts/type1/public/wasy2-ps/wasy10.pfb
></usr/local/texlive/2018/texmf-dist/fonts/type1/public/wasy2-ps/wasyb10.pfb>
Output written on thesis.pdf (234 pages, 17307338 bytes).
PDF statistics:
 7061 PDF objects out of 7423 (max. 8388607)
 5613 compressed objects within 57 object streams
 1018 named destinations out of 1200 (max. 500000)
 76099 words of extra memory for PDF output out of 89155 (max. 10000000)

